#
# There is insufficient memory for the Java Runtime Environment to continue.
# Native memory allocation (malloc) failed to allocate 1132336 bytes for Chunk::new
# Possible reasons:
#   The system is out of physical RAM or swap space
#   The process is running with CompressedOops enabled, and the Java Heap may be blocking the growth of the native heap
# Possible solutions:
#   Reduce memory load on the system
#   Increase physical memory or swap space
#   Check if swap backing store is full
#   Decrease Java heap size (-Xmx/-Xms)
#   Decrease number of Java threads
#   Decrease Java thread stack sizes (-Xss)
#   Set larger code cache with -XX:ReservedCodeCacheSize=
#   JVM is running with Unscaled Compressed Oops mode in which the Java heap is
#     placed in the first 4GB address space. The Java Heap base address is the
#     maximum limit for the native heap growth. Please use -XX:HeapBaseMinAddress
#     to set the Java Heap base and to place the Java Heap above 4GB virtual address.
# This output file may be truncated or incomplete.
#
#  Out of Memory Error (./open/src/hotspot/share/memory/arena.cpp:195), pid=18760, tid=14680
#
# JRE version: OpenJDK Runtime Environment (15.0+36) (build 15+36-1562)
# Java VM: OpenJDK 64-Bit Server VM (15+36-1562, mixed mode, sharing, tiered, compressed oops, parallel gc, windows-amd64)
# No core dump will be written. Minidumps are not enabled by default on client versions of Windows
#

---------------  S U M M A R Y ------------

Command Line: --add-modules=ALL-SYSTEM --add-opens=java.base/java.util=ALL-UNNAMED --add-opens=java.base/java.lang=ALL-UNNAMED -Declipse.application=org.eclipse.jdt.ls.core.id1 -Dosgi.bundles.defaultStartLevel=4 -Declipse.product=org.eclipse.jdt.ls.core.product -Dfile.encoding=utf8 -DwatchParentProcess=false -XX:+UseParallelGC -XX:GCTimeRatio=4 -XX:AdaptiveSizePolicyWeight=90 -Dsun.zip.disableMemoryMapping=true -Xmx1G -Xms100m c:\Users\david\.vscode\extensions\redhat.java-0.77.0\server\plugins\org.eclipse.equinox.launcher_1.6.100.v20201223-0822.jar -configuration c:\Users\david\AppData\Roaming\Code\User\globalStorage\redhat.java\0.77.0\config_win -data c:\Users\david\AppData\Roaming\Code\User\workspaceStorage\728eb51026b4024a1eeb2b73e8049cc8\redhat.java\jdt_ws

Host: Intel(R) Core(TM) i7-8550U CPU @ 1.80GHz, 8 cores, 7G,  Windows 10 , 64 bit Build 18362 (10.0.18362.1350)
Time: Sat Apr 17 16:10:11 2021 Mitteleuropäische Sommerzeit  elapsed time: 5.841408 seconds (0d 0h 0m 5s)

---------------  T H R E A D  ---------------

Current thread (0x00000286af4f1a40):  JavaThread "C2 CompilerThread0" daemon [_thread_in_native, id=14680, stack(0x000000faaf000000,0x000000faaf100000)]


Current CompileTask:
C2:   5841 3358       4       org.apache.felix.resolver.ResolverImpl::mergeUses (495 bytes)

Stack: [0x000000faaf000000,0x000000faaf100000]
Native frames: (J=compiled Java code, j=interpreted, Vv=VM code, C=native code)
V  [jvm.dll+0x629eaa]
V  [jvm.dll+0x780379]
V  [jvm.dll+0x781ad3]
V  [jvm.dll+0x782133]
V  [jvm.dll+0x2159d5]
V  [jvm.dll+0x9794a]
V  [jvm.dll+0x9802c]
V  [jvm.dll+0x27992f]
V  [jvm.dll+0x53faf4]
V  [jvm.dll+0x1f27f4]
V  [jvm.dll+0x1ec1c1]
V  [jvm.dll+0x1e8f37]
V  [jvm.dll+0x177f17]
V  [jvm.dll+0x1f88f5]
V  [jvm.dll+0x1f699c]
V  [jvm.dll+0x74384d]
V  [jvm.dll+0x73c64a]
V  [jvm.dll+0x628d16]
C  [ucrtbase.dll+0x210b2]
C  [KERNEL32.DLL+0x17c24]
C  [ntdll.dll+0x6d721]


---------------  P R O C E S S  ---------------

Threads class SMR info:
_java_thread_list=0x00000286b28d3900, length=36, elements={
0x0000028692773240, 0x00000286af4e1b00, 0x00000286ae288180, 0x00000286af4ed690,
0x00000286ae29d0d0, 0x00000286ae29e230, 0x00000286af4f1a40, 0x00000286af4fc670,
0x00000286af4fd810, 0x00000286af606130, 0x00000286af717f40, 0x00000286b0735040,
0x00000286b0735510, 0x00000286b05d18a0, 0x00000286af89ac10, 0x00000286af89bf70,
0x00000286af890a20, 0x00000286b0ae9030, 0x00000286b0b3c860, 0x00000286b0b3db50,
0x00000286b0b098a0, 0x00000286b0b0c8c0, 0x00000286b0b0a710, 0x00000286b0b0c3f0,
0x00000286b0b0bf20, 0x00000286b0b0cd90, 0x00000286b0b093d0, 0x00000286b0b0a240,
0x00000286b12758e0, 0x00000286b126f8a0, 0x00000286b1270240, 0x00000286b12740d0,
0x00000286b1275db0, 0x00000286b452da50, 0x00000286b452a3c0, 0x00000286b1271a50
}

Java Threads: ( => current thread )
  0x0000028692773240 JavaThread "main" [_thread_blocked, id=7388, stack(0x000000faae800000,0x000000faae900000)]
  0x00000286af4e1b00 JavaThread "Reference Handler" daemon [_thread_blocked, id=24100, stack(0x000000faaeb00000,0x000000faaec00000)]
  0x00000286ae288180 JavaThread "Finalizer" daemon [_thread_blocked, id=21132, stack(0x000000faaec00000,0x000000faaed00000)]
  0x00000286af4ed690 JavaThread "Signal Dispatcher" daemon [_thread_blocked, id=7476, stack(0x000000faaed00000,0x000000faaee00000)]
  0x00000286ae29d0d0 JavaThread "Attach Listener" daemon [_thread_blocked, id=15868, stack(0x000000faaee00000,0x000000faaef00000)]
  0x00000286ae29e230 JavaThread "Service Thread" daemon [_thread_blocked, id=8376, stack(0x000000faaef00000,0x000000faaf000000)]
=>0x00000286af4f1a40 JavaThread "C2 CompilerThread0" daemon [_thread_in_native, id=14680, stack(0x000000faaf000000,0x000000faaf100000)]
  0x00000286af4fc670 JavaThread "C1 CompilerThread0" daemon [_thread_blocked, id=2400, stack(0x000000faaf100000,0x000000faaf200000)]
  0x00000286af4fd810 JavaThread "Sweeper thread" daemon [_thread_blocked, id=17424, stack(0x000000faaf200000,0x000000faaf300000)]
  0x00000286af606130 JavaThread "Common-Cleaner" daemon [_thread_blocked, id=15640, stack(0x000000faaf300000,0x000000faaf400000)]
  0x00000286af717f40 JavaThread "Notification Thread" daemon [_thread_blocked, id=24468, stack(0x000000faaf500000,0x000000faaf600000)]
  0x00000286b0735040 JavaThread "Equinox resolver thread - Equinox Container: 19c2d64f-823b-427e-9f23-e07d959206a8" daemon [_thread_blocked, id=24696, stack(0x000000faaf400000,0x000000faaf500000)]
  0x00000286b0735510 JavaThread "Equinox resolver thread - Equinox Container: 19c2d64f-823b-427e-9f23-e07d959206a8" daemon [_thread_blocked, id=10140, stack(0x000000faaf700000,0x000000faaf800000)]
  0x00000286b05d18a0 JavaThread "Equinox resolver thread - Equinox Container: 19c2d64f-823b-427e-9f23-e07d959206a8" daemon [_thread_blocked, id=12136, stack(0x000000faaf800000,0x000000faaf900000)]
  0x00000286af89ac10 JavaThread "Equinox resolver thread - Equinox Container: 19c2d64f-823b-427e-9f23-e07d959206a8" daemon [_thread_blocked, id=21472, stack(0x000000faaf900000,0x000000faafa00000)]
  0x00000286af89bf70 JavaThread "Equinox resolver thread - Equinox Container: 19c2d64f-823b-427e-9f23-e07d959206a8" daemon [_thread_blocked, id=25028, stack(0x000000faafa00000,0x000000faafb00000)]
  0x00000286af890a20 JavaThread "Equinox resolver thread - Equinox Container: 19c2d64f-823b-427e-9f23-e07d959206a8" daemon [_thread_blocked, id=23728, stack(0x000000faafb00000,0x000000faafc00000)]
  0x00000286b0ae9030 JavaThread "Active Thread: Equinox Container: 19c2d64f-823b-427e-9f23-e07d959206a8" [_thread_blocked, id=20360, stack(0x000000faafc00000,0x000000faafd00000)]
  0x00000286b0b3c860 JavaThread "Framework Event Dispatcher: Equinox Container: 19c2d64f-823b-427e-9f23-e07d959206a8" daemon [_thread_blocked, id=21372, stack(0x000000fab0000000,0x000000fab0100000)]
  0x00000286b0b3db50 JavaThread "Start Level: Equinox Container: 19c2d64f-823b-427e-9f23-e07d959206a8" daemon [_thread_in_native, id=21348, stack(0x000000fab0100000,0x000000fab0200000)]
  0x00000286b0b098a0 JavaThread "Refresh Thread: Equinox Container: 19c2d64f-823b-427e-9f23-e07d959206a8" daemon [_thread_blocked, id=23976, stack(0x000000fab0200000,0x000000fab0300000)]
  0x00000286b0b0c8c0 JavaThread "Equinox resolver thread - Equinox Container: 19c2d64f-823b-427e-9f23-e07d959206a8" daemon [_thread_blocked, id=17292, stack(0x000000fab0400000,0x000000fab0500000)]
  0x00000286b0b0a710 JavaThread "Equinox resolver thread - Equinox Container: 19c2d64f-823b-427e-9f23-e07d959206a8" daemon [_thread_blocked, id=8760, stack(0x000000fab0500000,0x000000fab0600000)]
  0x00000286b0b0c3f0 JavaThread "SCR Component Actor" daemon [_thread_blocked, id=20672, stack(0x000000fab0700000,0x000000fab0800000)]
  0x00000286b0b0bf20 JavaThread "Timer-0" daemon [_thread_blocked, id=14584, stack(0x000000fab0800000,0x000000fab0900000)]
  0x00000286b0b0cd90 JavaThread "Worker-JM" [_thread_blocked, id=2612, stack(0x000000fab0600000,0x000000fab0700000)]
  0x00000286b0b093d0 JavaThread "Worker-0" [_thread_blocked, id=13112, stack(0x000000fab0b00000,0x000000fab0c00000)]
  0x00000286b0b0a240 JavaThread "Worker-1" [_thread_blocked, id=17752, stack(0x000000fab0c00000,0x000000fab0d00000)]
  0x00000286b12758e0 JavaThread "Java indexing" daemon [_thread_blocked, id=8856, stack(0x000000fab0f00000,0x000000fab1000000)]
  0x00000286b126f8a0 JavaThread "Bundle File Closer" daemon [_thread_blocked, id=25096, stack(0x000000fab1100000,0x000000fab1200000)]
  0x00000286b1270240 JavaThread "logback configurator timer" daemon [_thread_blocked, id=1292, stack(0x000000fab0300000,0x000000fab0400000)]
  0x00000286b12740d0 JavaThread "pool-2-thread-1" [_thread_in_native, id=8592, stack(0x000000fab1000000,0x000000fab1100000)]
  0x00000286b1275db0 JavaThread "Worker-2: Register Watchers" [_thread_in_Java, id=14668, stack(0x000000fab1200000,0x000000fab1300000)]
  0x00000286b452da50 JavaThread "C2 CompilerThread1" daemon [_thread_in_native, id=21412, stack(0x000000fab1300000,0x000000fab1400000)]
  0x00000286b452a3c0 JavaThread "C2 CompilerThread2" daemon [_thread_in_native, id=21644, stack(0x000000fab1400000,0x000000fab1500000)]
  0x00000286b1271a50 JavaThread "ForkJoinPool.commonPool-worker-3" daemon [_thread_new, id=20260, stack(0x0000000000000000,0x0000000000000000)]

Other Threads:
  0x000002869282e640 VMThread "VM Thread" [stack: 0x000000faaea00000,0x000000faaeb00000] [id=24352]
  0x00000286af677b90 WatcherThread [stack: 0x000000faaf600000,0x000000faaf700000] [id=13476]
  0x000002869278a170 GCTaskThread "GC Thread#0" [stack: 0x000000faae900000,0x000000faaea00000] [id=16216]
  0x00000286af6b6b10 GCTaskThread "GC Thread#1" [stack: 0x000000faafd00000,0x000000faafe00000] [id=11980]
  0x00000286af6b4b30 GCTaskThread "GC Thread#2" [stack: 0x000000faafe00000,0x000000faaff00000] [id=11188]
  0x00000286af6b7b00 GCTaskThread "GC Thread#3" [stack: 0x000000faaff00000,0x000000fab0000000] [id=18788]
  0x00000286b1bc9690 GCTaskThread "GC Thread#4" [stack: 0x000000fab0900000,0x000000fab0a00000] [id=14416]
  0x00000286b1bca680 GCTaskThread "GC Thread#5" [stack: 0x000000fab0a00000,0x000000fab0b00000] [id=12048]
  0x00000286b1bc9030 GCTaskThread "GC Thread#6" [stack: 0x000000fab0d00000,0x000000fab0e00000] [id=20892]
  0x00000286b1bc79e0 GCTaskThread "GC Thread#7" [stack: 0x000000fab0e00000,0x000000fab0f00000] [id=2984]

Threads with active compile tasks:
C2 CompilerThread0     5896 3358       4       org.apache.felix.resolver.ResolverImpl::mergeUses (495 bytes)
C2 CompilerThread1     5896 3655       4       sun.nio.cs.StreamDecoder::implRead (243 bytes)
C2 CompilerThread2     5896 3429   !   4       org.eclipse.osgi.internal.loader.classpath.ClasspathManager::findClassImpl (308 bytes)

VM state: not at safepoint (normal execution)

VM Mutex/Monitor currently owned by a thread: None

Heap address: 0x00000000c0000000, size: 1024 MB, Compressed Oops mode: 32-bit
CDS archive(s) mapped at: [0x0000000800000000-0x0000000800b50000-0x0000000800b50000), size 11862016, SharedBaseAddress: 0x0000000800000000, ArchiveRelocationMode: 0.
Compressed class space mapped at: 0x0000000800b50000-0x0000000840b50000, size: 1073741824
Narrow klass base: 0x0000000800000000, Narrow klass shift: 3, Narrow klass range: 0x100000000

GC Precious Log:
 CPUs: 8 total, 8 available
 Memory: 8026M
 Large Page Support: Disabled
 NUMA Support: Disabled
 Compressed Oops: Enabled (32-bit)
 Heap Min Capacity: 100M
 Heap Initial Capacity: 100M
 Heap Max Capacity: 1G
 Pre-touch: Disabled
 Parallel Workers: 8

Heap:
 PSYoungGen      total 29184K, used 4091K [0x00000000eab00000, 0x00000000ed180000, 0x0000000100000000)
  eden space 18944K, 21% used [0x00000000eab00000,0x00000000eaefed90,0x00000000ebd80000)
  from space 10240K, 0% used [0x00000000ec780000,0x00000000ec780000,0x00000000ed180000)
  to   space 10240K, 0% used [0x00000000ebd80000,0x00000000ebd80000,0x00000000ec780000)
 ParOldGen       total 68608K, used 14888K [0x00000000c0000000, 0x00000000c4300000, 0x00000000eab00000)
  object space 68608K, 21% used [0x00000000c0000000,0x00000000c0e8a140,0x00000000c4300000)
 Metaspace       used 33492K, capacity 35659K, committed 35880K, reserved 1081344K
  class space    used 3469K, capacity 4160K, committed 4224K, reserved 1048576K

Card table byte_map: [0x00000286ab330000,0x00000286ab540000] _byte_map_base: 0x00000286aad30000

Marking Bits: (ParMarkBitMap*) 0x00007fff05e3a0b0
 Begin Bits: [0x00000286ab6a0000, 0x00000286ac6a0000)
 End Bits:   [0x00000286ac6a0000, 0x00000286ad6a0000)

Polling page: 0x00000286925e0000

Metaspace:

Usage:
  Non-class:     30.76 MB capacity,    29.32 MB ( 95%) used,     1.40 MB (  5%) free+waste,    44.56 KB ( <1%) overhead. 
      Class:      4.06 MB capacity,     3.39 MB ( 83%) used,   669.66 KB ( 16%) free+waste,    21.13 KB ( <1%) overhead. 
       Both:     34.82 MB capacity,    32.71 MB ( 94%) used,     2.05 MB (  6%) free+waste,    65.69 KB ( <1%) overhead. 

Virtual space:
  Non-class space:       32.00 MB reserved,      30.91 MB ( 97%) committed 
      Class space:        1.00 GB reserved,       4.13 MB ( <1%) committed 
             Both:        1.03 GB reserved,      35.04 MB (  3%) committed 

Chunk freelists:
   Non-Class:  37.00 KB
       Class:  0 bytes
        Both:  37.00 KB

MaxMetaspaceSize: 17179869184.00 GB
CompressedClassSpaceSize: 1.00 GB

CodeHeap 'non-profiled nmethods': size=120000Kb used=1480Kb max_used=1480Kb free=118519Kb
 bounds [0x00000286a3c20000, 0x00000286a3e90000, 0x00000286ab150000]
CodeHeap 'profiled nmethods': size=120000Kb used=8035Kb max_used=8035Kb free=111964Kb
 bounds [0x000002869c6f0000, 0x000002869ced0000, 0x00000286a3c20000]
CodeHeap 'non-nmethods': size=5760Kb used=1267Kb max_used=1347Kb free=4492Kb
 bounds [0x000002869c150000, 0x000002869c3c0000, 0x000002869c6f0000]
 total_blobs=4200 nmethods=3645 adapters=469
 compilation: enabled
              stopped_count=0, restarted_count=0
 full_count=0

Compilation events (20 events):
Event: 5.771 Thread 0x00000286af4fc670 3640       2       org.codehaus.plexus.util.xml.pull.MXParser::nextTag (82 bytes)
Event: 5.773 Thread 0x00000286af4fc670 nmethod 3640 0x000002869cebb090 code [0x000002869cebb2c0, 0x000002869cebb788]
Event: 5.776 Thread 0x00000286af4fc670 3647       3       java.util.Properties::loadConvert (544 bytes)
Event: 5.778 Thread 0x00000286af4fc670 nmethod 3647 0x000002869cebba10 code [0x000002869cebbd00, 0x000002869cebd0f8]
Event: 5.778 Thread 0x00000286af4fc670 3648       2       java.util.HashMap::afterNodeAccess (1 bytes)
Event: 5.778 Thread 0x00000286af4fc670 nmethod 3648 0x000002869cebd710 code [0x000002869cebd8a0, 0x000002869cebd998]
Event: 5.829 Thread 0x00000286af4fc670 3650       2       org.eclipse.sisu.plexus.PlexusXmlScanner::TEXT (10 bytes)
Event: 5.830 Thread 0x00000286af4fc670 nmethod 3650 0x000002869cebda10 code [0x000002869cebdbc0, 0x000002869cebdd68]
Event: 5.830 Thread 0x00000286af4fc670 3652       2       org.codehaus.plexus.util.xml.pull.MXParser::isWhitespace (116 bytes)
Event: 5.830 Thread 0x00000286af4fc670 nmethod 3652 0x000002869cebde90 code [0x000002869cebe060, 0x000002869cebe468]
Event: 5.830 Thread 0x00000286af4fc670 3651       2       org.codehaus.plexus.util.xml.pull.MXParser::nextText (103 bytes)
Event: 5.831 Thread 0x00000286af4fc670 nmethod 3651 0x000002869cebe690 code [0x000002869cebe8e0, 0x000002869cebef88]
Event: 5.832 Thread 0x00000286af4fc670 3653       2       java.util.HashSet::size (8 bytes)
Event: 5.832 Thread 0x00000286af4fc670 nmethod 3653 0x000002869cebf310 code [0x000002869cebf4a0, 0x000002869cebf598]
Event: 5.832 Thread 0x00000286af4fc670 3654       2       java.util.Arrays$ArrayList::size (6 bytes)
Event: 5.832 Thread 0x00000286af4fc670 nmethod 3654 0x000002869cebf690 code [0x000002869cebf820, 0x000002869cebf918]
Event: 5.836 Thread 0x00000286af4fc670 3657       2       sun.security.provider.SHA2::implReset (13 bytes)
Event: 5.836 Thread 0x00000286af4fc670 nmethod 3657 0x000002869cebfa10 code [0x000002869cebfbc0, 0x000002869cebfcf8]
Event: 5.838 Thread 0x00000286af4fc670 3658       2       java.util.StringTokenizer::countTokens (46 bytes)
Event: 5.838 Thread 0x00000286af4fc670 nmethod 3658 0x000002869cebfd90 code [0x000002869cebff40, 0x000002869cec0118]

GC Heap History (20 events):
Event: 1.188 GC heap before
{Heap before GC invocations=1 (full 0):
 PSYoungGen      total 29696K, used 25600K [0x00000000eab00000, 0x00000000ecc00000, 0x0000000100000000)
  eden space 25600K, 100% used [0x00000000eab00000,0x00000000ec400000,0x00000000ec400000)
  from space 4096K, 0% used [0x00000000ec800000,0x00000000ec800000,0x00000000ecc00000)
  to   space 4096K, 0% used [0x00000000ec400000,0x00000000ec400000,0x00000000ec800000)
 ParOldGen       total 68608K, used 0K [0x00000000c0000000, 0x00000000c4300000, 0x00000000eab00000)
  object space 68608K, 0% used [0x00000000c0000000,0x00000000c0000000,0x00000000c4300000)
 Metaspace       used 6805K, capacity 7259K, committed 7424K, reserved 1056768K
  class space    used 651K, capacity 720K, committed 768K, reserved 1048576K
}
Event: 1.202 GC heap after
{Heap after GC invocations=1 (full 0):
 PSYoungGen      total 29696K, used 3337K [0x00000000eab00000, 0x00000000ecc00000, 0x0000000100000000)
  eden space 25600K, 0% used [0x00000000eab00000,0x00000000eab00000,0x00000000ec400000)
  from space 4096K, 81% used [0x00000000ec400000,0x00000000ec7426c8,0x00000000ec800000)
  to   space 4096K, 0% used [0x00000000ec800000,0x00000000ec800000,0x00000000ecc00000)
 ParOldGen       total 68608K, used 16K [0x00000000c0000000, 0x00000000c4300000, 0x00000000eab00000)
  object space 68608K, 0% used [0x00000000c0000000,0x00000000c0004000,0x00000000c4300000)
 Metaspace       used 6805K, capacity 7259K, committed 7424K, reserved 1056768K
  class space    used 651K, capacity 720K, committed 768K, reserved 1048576K
}
Event: 2.362 GC heap before
{Heap before GC invocations=2 (full 0):
 PSYoungGen      total 29696K, used 28937K [0x00000000eab00000, 0x00000000ecc00000, 0x0000000100000000)
  eden space 25600K, 100% used [0x00000000eab00000,0x00000000ec400000,0x00000000ec400000)
  from space 4096K, 81% used [0x00000000ec400000,0x00000000ec7426c8,0x00000000ec800000)
  to   space 4096K, 0% used [0x00000000ec800000,0x00000000ec800000,0x00000000ecc00000)
 ParOldGen       total 68608K, used 16K [0x00000000c0000000, 0x00000000c4300000, 0x00000000eab00000)
  object space 68608K, 0% used [0x00000000c0000000,0x00000000c0004000,0x00000000c4300000)
 Metaspace       used 7605K, capacity 7806K, committed 7936K, reserved 1056768K
  class space    used 715K, capacity 753K, committed 768K, reserved 1048576K
}
Event: 2.370 GC heap after
{Heap after GC invocations=2 (full 0):
 PSYoungGen      total 29696K, used 4086K [0x00000000eab00000, 0x00000000ecc00000, 0x0000000100000000)
  eden space 25600K, 0% used [0x00000000eab00000,0x00000000eab00000,0x00000000ec400000)
  from space 4096K, 99% used [0x00000000ec800000,0x00000000ecbfd9d8,0x00000000ecc00000)
  to   space 4096K, 0% used [0x00000000ec400000,0x00000000ec400000,0x00000000ec800000)
 ParOldGen       total 68608K, used 3310K [0x00000000c0000000, 0x00000000c4300000, 0x00000000eab00000)
  object space 68608K, 4% used [0x00000000c0000000,0x00000000c033bb70,0x00000000c4300000)
 Metaspace       used 7605K, capacity 7806K, committed 7936K, reserved 1056768K
  class space    used 715K, capacity 753K, committed 768K, reserved 1048576K
}
Event: 3.446 GC heap before
{Heap before GC invocations=3 (full 0):
 PSYoungGen      total 29696K, used 29661K [0x00000000eab00000, 0x00000000ecc00000, 0x0000000100000000)
  eden space 25600K, 99% used [0x00000000eab00000,0x00000000ec3f9b40,0x00000000ec400000)
  from space 4096K, 99% used [0x00000000ec800000,0x00000000ecbfd9d8,0x00000000ecc00000)
  to   space 4096K, 0% used [0x00000000ec400000,0x00000000ec400000,0x00000000ec800000)
 ParOldGen       total 68608K, used 3310K [0x00000000c0000000, 0x00000000c4300000, 0x00000000eab00000)
  object space 68608K, 4% used [0x00000000c0000000,0x00000000c033bb70,0x00000000c4300000)
 Metaspace       used 13442K, capacity 14153K, committed 14464K, reserved 1062912K
  class space    used 1278K, capacity 1539K, committed 1664K, reserved 1048576K
}
Event: 3.454 GC heap after
{Heap after GC invocations=3 (full 0):
 PSYoungGen      total 29696K, used 4067K [0x00000000eab00000, 0x00000000ecc00000, 0x0000000100000000)
  eden space 25600K, 0% used [0x00000000eab00000,0x00000000eab00000,0x00000000ec400000)
  from space 4096K, 99% used [0x00000000ec400000,0x00000000ec7f8c48,0x00000000ec800000)
  to   space 4096K, 0% used [0x00000000ec800000,0x00000000ec800000,0x00000000ecc00000)
 ParOldGen       total 68608K, used 5844K [0x00000000c0000000, 0x00000000c4300000, 0x00000000eab00000)
  object space 68608K, 8% used [0x00000000c0000000,0x00000000c05b5230,0x00000000c4300000)
 Metaspace       used 13442K, capacity 14153K, committed 14464K, reserved 1062912K
  class space    used 1278K, capacity 1539K, committed 1664K, reserved 1048576K
}
Event: 3.968 GC heap before
{Heap before GC invocations=4 (full 0):
 PSYoungGen      total 29696K, used 17614K [0x00000000eab00000, 0x00000000ecc00000, 0x0000000100000000)
  eden space 25600K, 52% used [0x00000000eab00000,0x00000000eb83ae88,0x00000000ec400000)
  from space 4096K, 99% used [0x00000000ec400000,0x00000000ec7f8c48,0x00000000ec800000)
  to   space 4096K, 0% used [0x00000000ec800000,0x00000000ec800000,0x00000000ecc00000)
 ParOldGen       total 68608K, used 5844K [0x00000000c0000000, 0x00000000c4300000, 0x00000000eab00000)
  object space 68608K, 8% used [0x00000000c0000000,0x00000000c05b5230,0x00000000c4300000)
 Metaspace       used 20155K, capacity 21172K, committed 21296K, reserved 1069056K
  class space    used 1817K, capacity 2148K, committed 2176K, reserved 1048576K
}
Event: 3.973 GC heap after
{Heap after GC invocations=4 (full 0):
 PSYoungGen      total 29696K, used 4075K [0x00000000eab00000, 0x00000000ecc00000, 0x0000000100000000)
  eden space 25600K, 0% used [0x00000000eab00000,0x00000000eab00000,0x00000000ec400000)
  from space 4096K, 99% used [0x00000000ec800000,0x00000000ecbfac50,0x00000000ecc00000)
  to   space 4096K, 0% used [0x00000000ec400000,0x00000000ec400000,0x00000000ec800000)
 ParOldGen       total 68608K, used 6472K [0x00000000c0000000, 0x00000000c4300000, 0x00000000eab00000)
  object space 68608K, 9% used [0x00000000c0000000,0x00000000c06520b8,0x00000000c4300000)
 Metaspace       used 20155K, capacity 21172K, committed 21296K, reserved 1069056K
  class space    used 1817K, capacity 2148K, committed 2176K, reserved 1048576K
}
Event: 3.973 GC heap before
{Heap before GC invocations=5 (full 1):
 PSYoungGen      total 29696K, used 4075K [0x00000000eab00000, 0x00000000ecc00000, 0x0000000100000000)
  eden space 25600K, 0% used [0x00000000eab00000,0x00000000eab00000,0x00000000ec400000)
  from space 4096K, 99% used [0x00000000ec800000,0x00000000ecbfac50,0x00000000ecc00000)
  to   space 4096K, 0% used [0x00000000ec400000,0x00000000ec400000,0x00000000ec800000)
 ParOldGen       total 68608K, used 6472K [0x00000000c0000000, 0x00000000c4300000, 0x00000000eab00000)
  object space 68608K, 9% used [0x00000000c0000000,0x00000000c06520b8,0x00000000c4300000)
 Metaspace       used 20155K, capacity 21172K, committed 21296K, reserved 1069056K
  class space    used 1817K, capacity 2148K, committed 2176K, reserved 1048576K
}
Event: 4.006 GC heap after
{Heap after GC invocations=5 (full 1):
 PSYoungGen      total 29696K, used 0K [0x00000000eab00000, 0x00000000ecc00000, 0x0000000100000000)
  eden space 25600K, 0% used [0x00000000eab00000,0x00000000eab00000,0x00000000ec400000)
  from space 4096K, 0% used [0x00000000ec800000,0x00000000ec800000,0x00000000ecc00000)
  to   space 4096K, 0% used [0x00000000ec400000,0x00000000ec400000,0x00000000ec800000)
 ParOldGen       total 68608K, used 9753K [0x00000000c0000000, 0x00000000c4300000, 0x00000000eab00000)
  object space 68608K, 14% used [0x00000000c0000000,0x00000000c09867c0,0x00000000c4300000)
 Metaspace       used 20155K, capacity 21172K, committed 21296K, reserved 1069056K
  class space    used 1817K, capacity 2148K, committed 2176K, reserved 1048576K
}
Event: 4.751 GC heap before
{Heap before GC invocations=6 (full 1):
 PSYoungGen      total 29696K, used 25600K [0x00000000eab00000, 0x00000000ecc00000, 0x0000000100000000)
  eden space 25600K, 100% used [0x00000000eab00000,0x00000000ec400000,0x00000000ec400000)
  from space 4096K, 0% used [0x00000000ec800000,0x00000000ec800000,0x00000000ecc00000)
  to   space 4096K, 0% used [0x00000000ec400000,0x00000000ec400000,0x00000000ec800000)
 ParOldGen       total 68608K, used 9753K [0x00000000c0000000, 0x00000000c4300000, 0x00000000eab00000)
  object space 68608K, 14% used [0x00000000c0000000,0x00000000c09867c0,0x00000000c4300000)
 Metaspace       used 26311K, capacity 27899K, committed 28208K, reserved 1075200K
  class space    used 2571K, capacity 3128K, committed 3200K, reserved 1048576K
}
Event: 4.753 GC heap after
{Heap after GC invocations=6 (full 1):
 PSYoungGen      total 28672K, used 3211K [0x00000000eab00000, 0x00000000ecb80000, 0x0000000100000000)
  eden space 25088K, 0% used [0x00000000eab00000,0x00000000eab00000,0x00000000ec380000)
  from space 3584K, 89% used [0x00000000ec400000,0x00000000ec722c08,0x00000000ec780000)
  to   space 4096K, 0% used [0x00000000ec780000,0x00000000ec780000,0x00000000ecb80000)
 ParOldGen       total 68608K, used 9761K [0x00000000c0000000, 0x00000000c4300000, 0x00000000eab00000)
  object space 68608K, 14% used [0x00000000c0000000,0x00000000c09887c0,0x00000000c4300000)
 Metaspace       used 26311K, capacity 27899K, committed 28208K, reserved 1075200K
  class space    used 2571K, capacity 3128K, committed 3200K, reserved 1048576K
}
Event: 5.416 GC heap before
{Heap before GC invocations=7 (full 1):
 PSYoungGen      total 28672K, used 28299K [0x00000000eab00000, 0x00000000ecb80000, 0x0000000100000000)
  eden space 25088K, 100% used [0x00000000eab00000,0x00000000ec380000,0x00000000ec380000)
  from space 3584K, 89% used [0x00000000ec400000,0x00000000ec722c08,0x00000000ec780000)
  to   space 4096K, 0% used [0x00000000ec780000,0x00000000ec780000,0x00000000ecb80000)
 ParOldGen       total 68608K, used 9761K [0x00000000c0000000, 0x00000000c4300000, 0x00000000eab00000)
  object space 68608K, 14% used [0x00000000c0000000,0x00000000c09887c0,0x00000000c4300000)
 Metaspace       used 30455K, capacity 32540K, committed 32688K, reserved 1079296K
  class space    used 3090K, capacity 3785K, committed 3840K, reserved 1048576K
}
Event: 5.424 GC heap after
{Heap after GC invocations=7 (full 1):
 PSYoungGen      total 23040K, used 4081K [0x00000000eab00000, 0x00000000ed700000, 0x0000000100000000)
  eden space 18944K, 0% used [0x00000000eab00000,0x00000000eab00000,0x00000000ebd80000)
  from space 4096K, 99% used [0x00000000ec780000,0x00000000ecb7c428,0x00000000ecb80000)
  to   space 10240K, 0% used [0x00000000ebd80000,0x00000000ebd80000,0x00000000ec780000)
 ParOldGen       total 68608K, used 14821K [0x00000000c0000000, 0x00000000c4300000, 0x00000000eab00000)
  object space 68608K, 21% used [0x00000000c0000000,0x00000000c0e79788,0x00000000c4300000)
 Metaspace       used 30455K, capacity 32540K, committed 32688K, reserved 1079296K
  class space    used 3090K, capacity 3785K, committed 3840K, reserved 1048576K
}
Event: 5.736 GC heap before
{Heap before GC invocations=8 (full 1):
 PSYoungGen      total 23040K, used 23025K [0x00000000eab00000, 0x00000000ed700000, 0x0000000100000000)
  eden space 18944K, 100% used [0x00000000eab00000,0x00000000ebd80000,0x00000000ebd80000)
  from space 4096K, 99% used [0x00000000ec780000,0x00000000ecb7c428,0x00000000ecb80000)
  to   space 10240K, 0% used [0x00000000ebd80000,0x00000000ebd80000,0x00000000ec780000)
 ParOldGen       total 68608K, used 14821K [0x00000000c0000000, 0x00000000c4300000, 0x00000000eab00000)
  object space 68608K, 21% used [0x00000000c0000000,0x00000000c0e79788,0x00000000c4300000)
 Metaspace       used 33004K, capacity 35205K, committed 35248K, reserved 1081344K
  class space    used 3407K, capacity 4094K, committed 4096K, reserved 1048576K
}
Event: 5.743 GC heap after
{Heap after GC invocations=8 (full 1):
 PSYoungGen      total 29184K, used 9656K [0x00000000eab00000, 0x00000000ed180000, 0x0000000100000000)
  eden space 18944K, 0% used [0x00000000eab00000,0x00000000eab00000,0x00000000ebd80000)
  from space 10240K, 94% used [0x00000000ebd80000,0x00000000ec6ee210,0x00000000ec780000)
  to   space 10240K, 0% used [0x00000000ec780000,0x00000000ec780000,0x00000000ed180000)
 ParOldGen       total 68608K, used 14829K [0x00000000c0000000, 0x00000000c4300000, 0x00000000eab00000)
  object space 68608K, 21% used [0x00000000c0000000,0x00000000c0e7b788,0x00000000c4300000)
 Metaspace       used 33004K, capacity 35205K, committed 35248K, reserved 1081344K
  class space    used 3407K, capacity 4094K, committed 4096K, reserved 1048576K
}
Event: 5.779 GC heap before
{Heap before GC invocations=9 (full 1):
 PSYoungGen      total 29184K, used 12213K [0x00000000eab00000, 0x00000000ed180000, 0x0000000100000000)
  eden space 18944K, 13% used [0x00000000eab00000,0x00000000ead7f5e0,0x00000000ebd80000)
  from space 10240K, 94% used [0x00000000ebd80000,0x00000000ec6ee210,0x00000000ec780000)
  to   space 10240K, 0% used [0x00000000ec780000,0x00000000ec780000,0x00000000ed180000)
 ParOldGen       total 68608K, used 14829K [0x00000000c0000000, 0x00000000c4300000, 0x00000000eab00000)
  object space 68608K, 21% used [0x00000000c0000000,0x00000000c0e7b788,0x00000000c4300000)
 Metaspace       used 33186K, capacity 35397K, committed 35496K, reserved 1081344K
  class space    used 3429K, capacity 4094K, committed 4096K, reserved 1048576K
}
Event: 5.788 GC heap after
{Heap after GC invocations=9 (full 1):
 PSYoungGen      total 29184K, used 9876K [0x00000000eab00000, 0x00000000ed180000, 0x0000000100000000)
  eden space 18944K, 0% used [0x00000000eab00000,0x00000000eab00000,0x00000000ebd80000)
  from space 10240K, 96% used [0x00000000ec780000,0x00000000ed1253d8,0x00000000ed180000)
  to   space 10240K, 0% used [0x00000000ebd80000,0x00000000ebd80000,0x00000000ec780000)
 ParOldGen       total 68608K, used 14837K [0x00000000c0000000, 0x00000000c4300000, 0x00000000eab00000)
  object space 68608K, 21% used [0x00000000c0000000,0x00000000c0e7d788,0x00000000c4300000)
 Metaspace       used 33186K, capacity 35397K, committed 35496K, reserved 1081344K
  class space    used 3429K, capacity 4094K, committed 4096K, reserved 1048576K
}
Event: 5.788 GC heap before
{Heap before GC invocations=10 (full 2):
 PSYoungGen      total 29184K, used 9876K [0x00000000eab00000, 0x00000000ed180000, 0x0000000100000000)
  eden space 18944K, 0% used [0x00000000eab00000,0x00000000eab00000,0x00000000ebd80000)
  from space 10240K, 96% used [0x00000000ec780000,0x00000000ed1253d8,0x00000000ed180000)
  to   space 10240K, 0% used [0x00000000ebd80000,0x00000000ebd80000,0x00000000ec780000)
 ParOldGen       total 68608K, used 14837K [0x00000000c0000000, 0x00000000c4300000, 0x00000000eab00000)
  object space 68608K, 21% used [0x00000000c0000000,0x00000000c0e7d788,0x00000000c4300000)
 Metaspace       used 33186K, capacity 35397K, committed 35496K, reserved 1081344K
  class space    used 3429K, capacity 4094K, committed 4096K, reserved 1048576K
}
Event: 5.829 GC heap after
{Heap after GC invocations=10 (full 2):
 PSYoungGen      total 29184K, used 0K [0x00000000eab00000, 0x00000000ed180000, 0x0000000100000000)
  eden space 18944K, 0% used [0x00000000eab00000,0x00000000eab00000,0x00000000ebd80000)
  from space 10240K, 0% used [0x00000000ec780000,0x00000000ec780000,0x00000000ed180000)
  to   space 10240K, 0% used [0x00000000ebd80000,0x00000000ebd80000,0x00000000ec780000)
 ParOldGen       total 68608K, used 14888K [0x00000000c0000000, 0x00000000c4300000, 0x00000000eab00000)
  object space 68608K, 21% used [0x00000000c0000000,0x00000000c0e8a140,0x00000000c4300000)
 Metaspace       used 33186K, capacity 35397K, committed 35496K, reserved 1081344K
  class space    used 3429K, capacity 4094K, committed 4096K, reserved 1048576K
}

Deoptimization events (20 events):
Event: 5.700 Thread 0x00000286b12740d0 Uncommon trap: trap_request=0xffffff45 fr.pc=0x00000286a3d5eff0 relative=0x00000000000000d0
Event: 5.700 Thread 0x00000286b12740d0 Uncommon trap: reason=unstable_if action=reinterpret pc=0x00000286a3d5eff0 method=com.google.gson.stream.JsonReader.peek()Lcom/google/gson/stream/JsonToken; @ 15 c2
Event: 5.700 Thread 0x00000286b12740d0 DEOPT PACKING pc=0x00000286a3d5eff0 sp=0x000000fab10fe0d0
Event: 5.700 Thread 0x00000286b12740d0 DEOPT UNPACKING pc=0x000002869c19e42f sp=0x000000fab10fe058 mode 2
Event: 5.756 Thread 0x00000286b1275db0 Uncommon trap: trap_request=0xffffff45 fr.pc=0x00000286a3ce4db4 relative=0x0000000000000114
Event: 5.756 Thread 0x00000286b1275db0 Uncommon trap: reason=unstable_if action=reinterpret pc=0x00000286a3ce4db4 method=java.util.ArrayList.indexOfRange(Ljava/lang/Object;II)I @ 7 c2
Event: 5.756 Thread 0x00000286b1275db0 DEOPT PACKING pc=0x00000286a3ce4db4 sp=0x000000fab12fdf90
Event: 5.756 Thread 0x00000286b1275db0 DEOPT UNPACKING pc=0x000002869c19e42f sp=0x000000fab12fde50 mode 2
Event: 5.776 Thread 0x00000286b12740d0 DEOPT PACKING pc=0x000002869cd15f56 sp=0x000000fab10fc890
Event: 5.776 Thread 0x00000286b12740d0 DEOPT UNPACKING pc=0x000002869c19e23f sp=0x000000fab10fbd80 mode 0
Event: 5.778 Thread 0x00000286b12740d0 DEOPT PACKING pc=0x000002869cebcdd6 sp=0x000000fab10fc8c0
Event: 5.778 Thread 0x00000286b12740d0 DEOPT UNPACKING pc=0x000002869c19e23f sp=0x000000fab10fbd88 mode 0
Event: 5.778 Thread 0x00000286b12740d0 DEOPT PACKING pc=0x000002869cd15f56 sp=0x000000fab10fc890
Event: 5.778 Thread 0x00000286b12740d0 DEOPT UNPACKING pc=0x000002869c19e23f sp=0x000000fab10fbd80 mode 0
Event: 5.829 Thread 0x00000286b1275db0 Uncommon trap: trap_request=0xffffff45 fr.pc=0x00000286a3cc541c relative=0x00000000000000fc
Event: 5.829 Thread 0x00000286b1275db0 Uncommon trap: reason=unstable_if action=reinterpret pc=0x00000286a3cc541c method=java.util.ArrayList.indexOfRange(Ljava/lang/Object;II)I @ 7 c2
Event: 5.829 Thread 0x00000286b1275db0 DEOPT PACKING pc=0x00000286a3cc541c sp=0x000000fab12fdf30
Event: 5.829 Thread 0x00000286b1275db0 DEOPT UNPACKING pc=0x000002869c19e42f sp=0x000000fab12fdeb0 mode 2
Event: 5.829 Thread 0x00000286b12740d0 DEOPT PACKING pc=0x000002869cebcdd6 sp=0x000000fab10fc8c0
Event: 5.830 Thread 0x00000286b12740d0 DEOPT UNPACKING pc=0x000002869c19e23f sp=0x000000fab10fbd88 mode 0

Classes unloaded (0 events):
No events

Classes redefined (0 events):
No events

Internal exceptions (20 events):
Event: 2.823 Thread 0x00000286b0b3db50 Exception <a 'java/io/FileNotFoundException'{0x00000000eb8a56f0}> (0x00000000eb8a56f0) 
thrown [./open/src/hotspot/share/prims/jni.cpp, line 578]
Event: 3.327 Thread 0x00000286b0b3db50 Exception <a 'java/lang/NoSuchMethodError'{0x00000000ec1b97b0}: 'void java.lang.invoke.DirectMethodHandle$Holder.invokeInterface(java.lang.Object, java.lang.Object, java.lang.Object)'> (0x00000000ec1b97b0) 
thrown [./open/src/hotspot/share/interpreter/linkResolver.cpp, line 782]
Event: 3.431 Thread 0x00000286b0b3db50 Exception <a 'java/io/FileNotFoundException'{0x00000000ec391888}> (0x00000000ec391888) 
thrown [./open/src/hotspot/share/prims/jni.cpp, line 578]
Event: 3.593 Thread 0x00000286b0b3db50 Exception <a 'java/lang/NoSuchMethodError'{0x00000000eadbb698}: 'int java.lang.invoke.DirectMethodHandle$Holder.invokeStaticInit(java.lang.Object, java.lang.Object, java.lang.Object)'> (0x00000000eadbb698) 
thrown [./open/src/hotspot/share/interpreter/linkResolver.cpp, line 782]
Event: 4.085 Thread 0x00000286b0b3db50 Exception <a 'java/lang/ClassNotFoundException'{0x00000000eb4a43c8}: com/sun/org/apache/xerces/internal/impl/msg/spi/DOMMessagesProvider> (0x00000000eb4a43c8) 
thrown [./open/src/hotspot/share/classfile/systemDictionary.cpp, line 295]
Event: 4.088 Thread 0x00000286b0b3db50 Exception <a 'java/lang/ClassNotFoundException'{0x00000000eb4b9568}: com/sun/org/apache/xerces/internal/impl/msg/spi/XMLSerializerMessagesProvider> (0x00000000eb4b9568) 
thrown [./open/src/hotspot/share/classfile/systemDictionary.cpp, line 295]
Event: 4.089 Thread 0x00000286b0b3db50 Exception <a 'java/lang/ClassNotFoundException'{0x00000000eb4c4d20}: com/sun/org/apache/xerces/internal/impl/msg/spi/XMLMessagesProvider> (0x00000000eb4c4d20) 
thrown [./open/src/hotspot/share/classfile/systemDictionary.cpp, line 295]
Event: 4.159 Thread 0x00000286b0b3db50 Exception <a 'java/lang/ClassNotFoundException'{0x00000000eb63c7d0}: com/sun/org/apache/xml/internal/serializer/spi/XMLEntitiesProvider> (0x00000000eb63c7d0) 
thrown [./open/src/hotspot/share/classfile/systemDictionary.cpp, line 295]
Event: 4.242 Thread 0x00000286b0b3db50 Exception <a 'java/io/FileNotFoundException'{0x00000000eb8100c0}> (0x00000000eb8100c0) 
thrown [./open/src/hotspot/share/prims/jni.cpp, line 578]
Event: 4.504 Thread 0x00000286b0b3db50 Exception <a 'java/lang/NoSuchMethodError'{0x00000000ebcec9a8}: 'void java.lang.invoke.DirectMethodHandle$Holder.invokeSpecial(java.lang.Object, java.lang.Object, java.lang.Object, int)'> (0x00000000ebcec9a8) 
thrown [./open/src/hotspot/share/interpreter/linkResolver.cpp, line 782]
Event: 4.555 Thread 0x00000286b0b3db50 Exception <a 'java/lang/NoSuchMethodError'{0x00000000ebe3c470}: 'org.slf4j.impl.StaticMDCBinder org.slf4j.impl.StaticMDCBinder.getSingleton()'> (0x00000000ebe3c470) 
thrown [./open/src/hotspot/share/interpreter/linkResolver.cpp, line 782]
Event: 4.667 Thread 0x00000286b0b3db50 Implicit null exception at 0x00000286a3d2b0ca to 0x00000286a3d2bdb4
Event: 4.668 Thread 0x00000286b0b3db50 Implicit null exception at 0x00000286a3d2d773 to 0x00000286a3d2ddf4
Event: 4.741 Thread 0x0000028692773240 Exception <a 'java/lang/NoSuchMethodError'{0x00000000ec3b2de0}: 'void java.lang.invoke.DirectMethodHandle$Holder.invokeStatic(java.lang.Object, java.lang.Object, java.lang.Object, java.lang.Object)'> (0x00000000ec3b2de0) 
thrown [./open/src/hotspot/share/interpreter/linkResolver.cpp, line 782]
Event: 4.865 Thread 0x0000028692773240 Exception <a 'java/lang/NoSuchMethodError'{0x00000000eae39a60}: 'java.lang.Object java.lang.invoke.DirectMethodHandle$Holder.newInvokeSpecial(java.lang.Object, java.lang.Object, java.lang.Object, java.lang.Object, java.lang.Object)'> (0x00000000eae39a60) 
thrown [./open/src/hotspot/share/interpreter/linkResolver.cpp, line 782]
Event: 4.972 Thread 0x00000286b12740d0 Exception <a 'java/io/FileNotFoundException'{0x00000000eb0ad3c0}> (0x00000000eb0ad3c0) 
thrown [./open/src/hotspot/share/prims/jni.cpp, line 578]
Event: 5.093 Thread 0x00000286b12740d0 Exception <a 'java/io/FileNotFoundException'{0x00000000eb0e9ba0}> (0x00000000eb0e9ba0) 
thrown [./open/src/hotspot/share/prims/jni.cpp, line 578]
Event: 5.103 Thread 0x00000286b12740d0 Exception <a 'java/io/FileNotFoundException'{0x00000000eb113ff8}> (0x00000000eb113ff8) 
thrown [./open/src/hotspot/share/prims/jni.cpp, line 578]
Event: 5.177 Thread 0x00000286b12740d0 Exception <a 'java/io/FileNotFoundException'{0x00000000eb45a0a8}> (0x00000000eb45a0a8) 
thrown [./open/src/hotspot/share/prims/jni.cpp, line 578]
Event: 5.572 Thread 0x00000286b12740d0 Exception <a 'java/lang/NoSuchMethodError'{0x00000000eb83b1e8}: 'void java.lang.invoke.DirectMethodHandle$Holder.invokeStatic(java.lang.Object, java.lang.Object, java.lang.Object, java.lang.Object, java.lang.Object, java.lang.Object)'> (0x00000000eb83b1e8) 
thrown [./open/src/hotspot/share/interpreter/linkResolver.cpp, line 782]

Events (20 events):
Event: 5.771 loading class sun/net/www/protocol/http/Handler done
Event: 5.771 loading class sun/net/www/protocol/https/Handler done
Event: 5.779 Executing VM operation: CollectForMetadataAllocation
Event: 5.829 Executing VM operation: CollectForMetadataAllocation done
Event: 5.829 Executing VM operation: HandshakeAllThreads
Event: 5.829 Executing VM operation: HandshakeAllThreads done
Event: 5.835 loading class sun/nio/cs/ISO_8859_1$Encoder
Event: 5.835 loading class sun/nio/cs/ISO_8859_1$Encoder done
Event: 5.836 loading class sun/nio/cs/Surrogate$Parser
Event: 5.836 loading class sun/nio/cs/Surrogate$Parser done
Event: 5.836 loading class sun/nio/cs/Surrogate
Event: 5.836 loading class sun/nio/cs/Surrogate done
Event: 5.836 loading class sun/util/locale/provider/TimeZoneNameUtility
Event: 5.836 loading class sun/util/locale/provider/TimeZoneNameUtility done
Event: 5.836 loading class sun/util/locale/provider/TimeZoneNameUtility$TimeZoneNameGetter
Event: 5.836 loading class sun/util/locale/provider/TimeZoneNameUtility$TimeZoneNameGetter done
Event: 5.837 loading class sun/util/cldr/CLDRTimeZoneNameProviderImpl
Event: 5.837 loading class sun/util/locale/provider/TimeZoneNameProviderImpl
Event: 5.837 loading class sun/util/locale/provider/TimeZoneNameProviderImpl done
Event: 5.837 loading class sun/util/cldr/CLDRTimeZoneNameProviderImpl done


Dynamic libraries:
0x00007ff64b090000 - 0x00007ff64b09d000 	C:\Program Files\Java\jdk-15\bin\java.exe
0x00007fff6eb80000 - 0x00007fff6ed70000 	C:\WINDOWS\SYSTEM32\ntdll.dll
0x00007fff6cc30000 - 0x00007fff6cce2000 	C:\WINDOWS\System32\KERNEL32.DLL
0x00007fff6c7f0000 - 0x00007fff6ca95000 	C:\WINDOWS\System32\KERNELBASE.dll
0x00007fff68e10000 - 0x00007fff68e9f000 	C:\WINDOWS\SYSTEM32\apphelp.dll
0x00007fff6bde0000 - 0x00007fff6beda000 	C:\WINDOWS\System32\ucrtbase.dll
0x00007fff492e0000 - 0x00007fff492f8000 	C:\Program Files\Java\jdk-15\bin\jli.dll
0x00007fff6d900000 - 0x00007fff6da94000 	C:\WINDOWS\System32\USER32.dll
0x00007fff6cb50000 - 0x00007fff6cb71000 	C:\WINDOWS\System32\win32u.dll
0x00007fff6cf50000 - 0x00007fff6cf76000 	C:\WINDOWS\System32\GDI32.dll
0x00007fff55a90000 - 0x00007fff55d14000 	C:\WINDOWS\WinSxS\amd64_microsoft.windows.common-controls_6595b64144ccf1df_6.0.18362.1440_none_9e7dbfb9e45e8e67\COMCTL32.dll
0x00007fff6bba0000 - 0x00007fff6bd38000 	C:\WINDOWS\System32\gdi32full.dll
0x00007fff6e540000 - 0x00007fff6e5de000 	C:\WINDOWS\System32\msvcrt.dll
0x00007fff6bd40000 - 0x00007fff6bdde000 	C:\WINDOWS\System32\msvcp_win.dll
0x00007fff6d460000 - 0x00007fff6d796000 	C:\WINDOWS\System32\combase.dll
0x00007fff6ce30000 - 0x00007fff6cf4f000 	C:\WINDOWS\System32\RPCRT4.dll
0x00007fff496c0000 - 0x00007fff496d9000 	C:\Program Files\Java\jdk-15\bin\VCRUNTIME140.dll
0x00007fff6cac0000 - 0x00007fff6cb41000 	C:\WINDOWS\System32\bcryptPrimitives.dll
0x00007fff6dab0000 - 0x00007fff6dade000 	C:\WINDOWS\System32\IMM32.DLL
0x00007fff53be0000 - 0x00007fff53bec000 	C:\Program Files\Java\jdk-15\bin\vcruntime140_1.dll
0x00007fff2e200000 - 0x00007fff2e291000 	C:\Program Files\Java\jdk-15\bin\msvcp140.dll
0x00007fff053a0000 - 0x00007fff05efc000 	C:\Program Files\Java\jdk-15\bin\server\jvm.dll
0x00007fff6d850000 - 0x00007fff6d8f3000 	C:\WINDOWS\System32\ADVAPI32.dll
0x00007fff6e4a0000 - 0x00007fff6e537000 	C:\WINDOWS\System32\sechost.dll
0x00007fff6dc90000 - 0x00007fff6dc98000 	C:\WINDOWS\System32\PSAPI.DLL
0x00007fff53500000 - 0x00007fff53509000 	C:\WINDOWS\SYSTEM32\WSOCK32.dll
0x00007fff66900000 - 0x00007fff66924000 	C:\WINDOWS\SYSTEM32\WINMM.dll
0x00007fff65070000 - 0x00007fff6507a000 	C:\WINDOWS\SYSTEM32\VERSION.dll
0x00007fff6e5f0000 - 0x00007fff6e65f000 	C:\WINDOWS\System32\WS2_32.dll
0x00007fff668c0000 - 0x00007fff668ed000 	C:\WINDOWS\SYSTEM32\winmmbase.dll
0x00007fff6bb50000 - 0x00007fff6bb9a000 	C:\WINDOWS\System32\cfgmgr32.dll
0x00007fff6bab0000 - 0x00007fff6bac1000 	C:\WINDOWS\System32\kernel.appcore.dll
0x00007fff53b20000 - 0x00007fff53b2a000 	C:\Program Files\Java\jdk-15\bin\jimage.dll
0x00007fff6a2b0000 - 0x00007fff6a4a4000 	C:\WINDOWS\SYSTEM32\DBGHELP.DLL
0x00007fff4d130000 - 0x00007fff4d15a000 	C:\WINDOWS\SYSTEM32\dbgcore.DLL
0x00007fff48260000 - 0x00007fff48285000 	C:\Program Files\Java\jdk-15\bin\java.dll
0x00007fff6dca0000 - 0x00007fff6e388000 	C:\WINDOWS\System32\SHELL32.dll
0x00007fff6d7a0000 - 0x00007fff6d847000 	C:\WINDOWS\System32\shcore.dll
0x00007fff6bee0000 - 0x00007fff6c65b000 	C:\WINDOWS\System32\windows.storage.dll
0x00007fff6ba90000 - 0x00007fff6baae000 	C:\WINDOWS\System32\profapi.dll
0x00007fff6ba40000 - 0x00007fff6ba8a000 	C:\WINDOWS\System32\powrprof.dll
0x00007fff6ba30000 - 0x00007fff6ba40000 	C:\WINDOWS\System32\UMPDC.dll
0x00007fff6cf80000 - 0x00007fff6cfd2000 	C:\WINDOWS\System32\shlwapi.dll
0x00007fff6caa0000 - 0x00007fff6cab7000 	C:\WINDOWS\System32\cryptsp.dll
0x00007fff46fd0000 - 0x00007fff46fe9000 	C:\Program Files\Java\jdk-15\bin\net.dll
0x00007fff5bd50000 - 0x00007fff5be4a000 	C:\WINDOWS\SYSTEM32\WINHTTP.dll
0x00007fff6b250000 - 0x00007fff6b2b7000 	C:\WINDOWS\system32\mswsock.dll
0x00007fff44110000 - 0x00007fff44122000 	C:\Program Files\Java\jdk-15\bin\nio.dll
0x00007fff433f0000 - 0x00007fff43408000 	C:\Program Files\Java\jdk-15\bin\zip.dll
0x00007fff6adb0000 - 0x00007fff6ade3000 	C:\WINDOWS\system32\rsaenh.dll
0x00007fff6c660000 - 0x00007fff6c686000 	C:\WINDOWS\System32\bcrypt.dll
0x00007fff6b910000 - 0x00007fff6b935000 	C:\WINDOWS\SYSTEM32\USERENV.dll
0x00007fff6b440000 - 0x00007fff6b44c000 	C:\WINDOWS\SYSTEM32\CRYPTBASE.dll
0x00007fff6af50000 - 0x00007fff6af8a000 	C:\WINDOWS\SYSTEM32\IPHLPAPI.DLL
0x00007fff6e5e0000 - 0x00007fff6e5e8000 	C:\WINDOWS\System32\NSI.dll
0x00007fff64010000 - 0x00007fff64026000 	C:\WINDOWS\SYSTEM32\dhcpcsvc6.DLL
0x00007fff63ff0000 - 0x00007fff6400c000 	C:\WINDOWS\SYSTEM32\dhcpcsvc.DLL
0x00007fff6afa0000 - 0x00007fff6b06b000 	C:\WINDOWS\SYSTEM32\DNSAPI.dll
0x00007fff5b730000 - 0x00007fff5b759000 	C:\Users\david\AppData\Roaming\Code\User\globalStorage\redhat.java\0.77.0\config_win\org.eclipse.equinox.launcher\org.eclipse.equinox.launcher.win32.win32.x86_64_1.2.100.v20210209-1541\eclipse_11301.dll
0x00007fff669e0000 - 0x00007fff669f0000 	C:\Program Files\Java\jdk-15\bin\verify.dll
0x00007fff65a60000 - 0x00007fff65a71000 	C:\Users\david\AppData\Roaming\Code\User\globalStorage\redhat.java\0.77.0\config_win\org.eclipse.osgi\23\0\.cp\jWinHttp-1.0.0.dll
0x00007fff6cfe0000 - 0x00007fff6d137000 	C:\WINDOWS\System32\ole32.dll

dbghelp: loaded successfully - version: 4.0.5 - missing functions: none
symbol engine: initialized successfully - sym options: 0x614 - pdb path: .;C:\Program Files\Java\jdk-15\bin;C:\WINDOWS\SYSTEM32;C:\WINDOWS\WinSxS\amd64_microsoft.windows.common-controls_6595b64144ccf1df_6.0.18362.1440_none_9e7dbfb9e45e8e67;C:\Program Files\Java\jdk-15\bin\server;C:\Users\david\AppData\Roaming\Code\User\globalStorage\redhat.java\0.77.0\config_win\org.eclipse.equinox.launcher\org.eclipse.equinox.launcher.win32.win32.x86_64_1.2.100.v20210209-1541;C:\Users\david\AppData\Roaming\Code\User\globalStorage\redhat.java\0.77.0\config_win\org.eclipse.osgi\23\0\.cp

VM Arguments:
jvm_args: --add-modules=ALL-SYSTEM --add-opens=java.base/java.util=ALL-UNNAMED --add-opens=java.base/java.lang=ALL-UNNAMED -Declipse.application=org.eclipse.jdt.ls.core.id1 -Dosgi.bundles.defaultStartLevel=4 -Declipse.product=org.eclipse.jdt.ls.core.product -Dfile.encoding=utf8 -DwatchParentProcess=false -XX:+UseParallelGC -XX:GCTimeRatio=4 -XX:AdaptiveSizePolicyWeight=90 -Dsun.zip.disableMemoryMapping=true -Xmx1G -Xms100m 
java_command: c:\Users\david\.vscode\extensions\redhat.java-0.77.0\server\plugins\org.eclipse.equinox.launcher_1.6.100.v20201223-0822.jar -configuration c:\Users\david\AppData\Roaming\Code\User\globalStorage\redhat.java\0.77.0\config_win -data c:\Users\david\AppData\Roaming\Code\User\workspaceStorage\728eb51026b4024a1eeb2b73e8049cc8\redhat.java\jdt_ws
java_class_path (initial): c:\Users\david\.vscode\extensions\redhat.java-0.77.0\server\plugins\org.eclipse.equinox.launcher_1.6.100.v20201223-0822.jar
Launcher Type: SUN_STANDARD

[Global flags]
    uintx AdaptiveSizePolicyWeight                 = 90                                        {product} {command line}
     intx CICompilerCount                          = 4                                         {product} {ergonomic}
    uintx GCTimeRatio                              = 4                                         {product} {command line}
   size_t InitialHeapSize                          = 104857600                                 {product} {command line}
   size_t MaxHeapSize                              = 1073741824                                {product} {command line}
   size_t MaxNewSize                               = 357564416                                 {product} {ergonomic}
   size_t MinHeapDeltaBytes                        = 524288                                    {product} {ergonomic}
   size_t MinHeapSize                              = 104857600                                 {product} {command line}
   size_t NewSize                                  = 34603008                                  {product} {ergonomic}
    uintx NonNMethodCodeHeapSize                   = 5839372                                {pd product} {ergonomic}
    uintx NonProfiledCodeHeapSize                  = 122909434                              {pd product} {ergonomic}
   size_t OldSize                                  = 70254592                                  {product} {ergonomic}
    uintx ProfiledCodeHeapSize                     = 122909434                              {pd product} {ergonomic}
    uintx ReservedCodeCacheSize                    = 251658240                              {pd product} {ergonomic}
     bool SegmentedCodeCache                       = true                                      {product} {ergonomic}
   size_t SoftMaxHeapSize                          = 1073741824                             {manageable} {ergonomic}
     bool UseCompressedClassPointers               = true                                 {lp64_product} {ergonomic}
     bool UseCompressedOops                        = true                                 {lp64_product} {ergonomic}
     bool UseLargePagesIndividualAllocation        = false                                  {pd product} {ergonomic}
     bool UseParallelGC                            = true                                      {product} {command line}

Logging:
Log output configuration:
 #0: stdout all=warning uptime,level,tags
 #1: stderr all=off uptime,level,tags

Environment Variables:
JAVA_HOME=C:\Program Files\Java\jdk-15
PATH=C:\Program Files (x86)\Common Files\Oracle\Java\javapath;C:\Program Files (x86)\Common Files\Intel\Shared Libraries\redist\intel64_win\compiler;C:\Program Files (x86)\Common Files\Intel\Shared Libraries\redist\intel64\compiler;C:\WINDOWS\system32;C:\WINDOWS;C:\WINDOWS\System32\Wbem;C:\WINDOWS\System32\WindowsPowerShell\v1.0\;C:\WINDOWS\System32\OpenSSH\;C:\ProgramData\chocolatey\bin;C:\Program Files\Java\jdk-13.0.1\bin;C:\Program Files\Intel\WiFi\bin\;C:\Program Files\Common Files\Intel\WirelessCommon\;C:\Program Files\nodejs\;C:\Program Files\dotnet\;C:\Program Files\Microsoft SQL Server\Client SDK\ODBC\170\Tools\Binn\;C:\Program Files (x86)\Microsoft SQL Server\150\DTS\Binn\;C:\Program Files\PuTTY\;C:\Program Files\Java\jdk-15\bin;C:\Program Files\Git\cmd;C:\Program Files\Docker\Docker\resources\bin;C:\ProgramData\DockerDesktop\version-bin;C:\Users\david\.windows-build-tools\python27\;C:\Users\david\AppData\Local\Programs\Python\Python38\Scripts\;C:\Users\david\AppData\Local\Programs\Python\Python38\;C:\Users\david\AppData\Local\Microsoft\WindowsApps;C:\Users\david\AppData\Local\Programs\Microsoft VS Code\bin;C:\Users\david\AppData\Roaming\npm;C:\Users\david\AppData\Local\Programs\MiKTeX 2.9\miktex\bin\x64\;C:\Users\david\.dotnet\tools;C:\Users\david\.dotnet\tools;C:\Users\david\AppData\Local\GitHubDesktop\bin;C:\Users\david\.fly\bin
USERNAME=david
OS=Windows_NT
PROCESSOR_IDENTIFIER=Intel64 Family 6 Model 142 Stepping 10, GenuineIntel



---------------  S Y S T E M  ---------------

OS:
 Windows 10 , 64 bit Build 18362 (10.0.18362.1350)
OS uptime: 2 days 8:02 hours
HyperV virtualization detected

CPU: total 8 (initial active 8) (4 cores per cpu, 2 threads per core) family 6 model 142 stepping 10, cmov, cx8, fxsr, mmx, sse, sse2, sse3, ssse3, sse4.1, sse4.2, popcnt, vzeroupper, avx, avx2, aes, clmul, erms, 3dnowpref, lzcnt, ht, tsc, tscinvbit, bmi1, bmi2, adx, fma, clflush, clflushopt

Memory: 4k page, system-wide physical 8026M (752M free)
TotalPageFile size 23050M (AvailPageFile size 8M)
current process WorkingSet (physical memory assigned to process): 185M, peak: 187M
current process commit charge ("private bytes"): 292M, peak: 298M

vm_info: OpenJDK 64-Bit Server VM (15+36-1562) for windows-amd64 JRE (15+36-1562), built on Aug 11 2020 22:33:04 by "mach5one" with unknown MS VC++:1925

END.
