#
# There is insufficient memory for the Java Runtime Environment to continue.
# Native memory allocation (malloc) failed to allocate 1604752 bytes for Chunk::new
# Possible reasons:
#   The system is out of physical RAM or swap space
#   The process is running with CompressedOops enabled, and the Java Heap may be blocking the growth of the native heap
# Possible solutions:
#   Reduce memory load on the system
#   Increase physical memory or swap space
#   Check if swap backing store is full
#   Decrease Java heap size (-Xmx/-Xms)
#   Decrease number of Java threads
#   Decrease Java thread stack sizes (-Xss)
#   Set larger code cache with -XX:ReservedCodeCacheSize=
#   JVM is running with Unscaled Compressed Oops mode in which the Java heap is
#     placed in the first 4GB address space. The Java Heap base address is the
#     maximum limit for the native heap growth. Please use -XX:HeapBaseMinAddress
#     to set the Java Heap base and to place the Java Heap above 4GB virtual address.
# This output file may be truncated or incomplete.
#
#  Out of Memory Error (./open/src/hotspot/share/memory/arena.cpp:195), pid=21832, tid=8608
#
# JRE version: OpenJDK Runtime Environment (15.0+36) (build 15+36-1562)
# Java VM: OpenJDK 64-Bit Server VM (15+36-1562, mixed mode, sharing, tiered, compressed oops, parallel gc, windows-amd64)
# No core dump will be written. Minidumps are not enabled by default on client versions of Windows
#

---------------  S U M M A R Y ------------

Command Line: --add-modules=ALL-SYSTEM --add-opens=java.base/java.util=ALL-UNNAMED --add-opens=java.base/java.lang=ALL-UNNAMED -Declipse.application=org.eclipse.jdt.ls.core.id1 -Dosgi.bundles.defaultStartLevel=4 -Declipse.product=org.eclipse.jdt.ls.core.product -Dfile.encoding=utf8 -DwatchParentProcess=false -XX:+UseParallelGC -XX:GCTimeRatio=4 -XX:AdaptiveSizePolicyWeight=90 -Dsun.zip.disableMemoryMapping=true -Xmx1G -Xms100m c:\Users\david\.vscode\extensions\redhat.java-0.77.0\server\plugins\org.eclipse.equinox.launcher_1.6.100.v20201223-0822.jar -configuration c:\Users\david\AppData\Roaming\Code\User\globalStorage\redhat.java\0.77.0\config_win -data c:\Users\david\AppData\Roaming\Code\User\workspaceStorage\728eb51026b4024a1eeb2b73e8049cc8\redhat.java\jdt_ws

Host: Intel(R) Core(TM) i7-8550U CPU @ 1.80GHz, 8 cores, 7G,  Windows 10 , 64 bit Build 18362 (10.0.18362.1350)
Time: Sat Apr 17 16:10:05 2021 Mitteleuropäische Sommerzeit  elapsed time: 6.153213 seconds (0d 0h 0m 6s)

---------------  T H R E A D  ---------------

Current thread (0x0000016c04dca4a0):  JavaThread "C2 CompilerThread1" daemon [_thread_in_native, id=8608, stack(0x00000063ee700000,0x00000063ee800000)]


Current CompileTask:
C2:   6153 3315   !   4       org.eclipse.osgi.internal.loader.classpath.ClasspathManager::findClassImpl (308 bytes)

Stack: [0x00000063ee700000,0x00000063ee800000]
Native frames: (J=compiled Java code, j=interpreted, Vv=VM code, C=native code)
V  [jvm.dll+0x629eaa]
V  [jvm.dll+0x780379]
V  [jvm.dll+0x781ad3]
V  [jvm.dll+0x782133]
V  [jvm.dll+0x2159d5]
V  [jvm.dll+0x9794a]
V  [jvm.dll+0x9802c]
V  [jvm.dll+0x32dc35]
V  [jvm.dll+0x2f6ffa]
V  [jvm.dll+0x2f63ba]
V  [jvm.dll+0x1e9dd5]
V  [jvm.dll+0x1e903e]
V  [jvm.dll+0x177f17]
V  [jvm.dll+0x1f88f5]
V  [jvm.dll+0x1f699c]
V  [jvm.dll+0x74384d]
V  [jvm.dll+0x73c64a]
V  [jvm.dll+0x628d16]
C  [ucrtbase.dll+0x210b2]
C  [KERNEL32.DLL+0x17c24]
C  [ntdll.dll+0x6d721]


---------------  P R O C E S S  ---------------

Threads class SMR info:
_java_thread_list=0x0000016c058e63a0, length=34, elements={
0x0000016c6874b900, 0x0000016c03621550, 0x0000016c7fb3a7c0, 0x0000016c03625770,
0x0000016c03626030, 0x0000016c03627900, 0x0000016c0362a600, 0x0000016c0362b1f0,
0x0000016c0362c520, 0x0000016c0373e890, 0x0000016c038712a0, 0x0000016c04a2bc50,
0x0000016c04a2c120, 0x0000016c04a2c5f0, 0x0000016c04a2cac0, 0x0000016c04a28050,
0x0000016c04a28520, 0x0000016c04a99640, 0x0000016c04ddf2e0, 0x0000016c04b11890,
0x0000016c04aeca70, 0x0000016c04aec5a0, 0x0000016c04aecf40, 0x0000016c04aeb260,
0x0000016c04aee280, 0x0000016c04aeddb0, 0x0000016c04aee750, 0x0000016c04aead90,
0x0000016c05b4e3d0, 0x0000016c05b52730, 0x0000016c05b4d560, 0x0000016c05b4e8a0,
0x0000016c05b530d0, 0x0000016c04dca4a0
}

Java Threads: ( => current thread )
  0x0000016c6874b900 JavaThread "main" [_thread_blocked, id=18832, stack(0x00000063ebc00000,0x00000063ebd00000)]
  0x0000016c03621550 JavaThread "Reference Handler" daemon [_thread_blocked, id=24664, stack(0x00000063ebf00000,0x00000063ec000000)]
  0x0000016c7fb3a7c0 JavaThread "Finalizer" daemon [_thread_blocked, id=15436, stack(0x00000063ec000000,0x00000063ec100000)]
  0x0000016c03625770 JavaThread "Signal Dispatcher" daemon [_thread_blocked, id=11412, stack(0x00000063ec100000,0x00000063ec200000)]
  0x0000016c03626030 JavaThread "Attach Listener" daemon [_thread_blocked, id=17432, stack(0x00000063ec200000,0x00000063ec300000)]
  0x0000016c03627900 JavaThread "Service Thread" daemon [_thread_blocked, id=9300, stack(0x00000063ec300000,0x00000063ec400000)]
  0x0000016c0362a600 JavaThread "C2 CompilerThread0" daemon [_thread_in_native, id=20012, stack(0x00000063ec400000,0x00000063ec500000)]
  0x0000016c0362b1f0 JavaThread "C1 CompilerThread0" daemon [_thread_blocked, id=16048, stack(0x00000063ec500000,0x00000063ec600000)]
  0x0000016c0362c520 JavaThread "Sweeper thread" daemon [_thread_blocked, id=10848, stack(0x00000063ec600000,0x00000063ec700000)]
  0x0000016c0373e890 JavaThread "Common-Cleaner" daemon [_thread_blocked, id=1712, stack(0x00000063ec700000,0x00000063ec800000)]
  0x0000016c038712a0 JavaThread "Notification Thread" daemon [_thread_blocked, id=5144, stack(0x00000063ec900000,0x00000063eca00000)]
  0x0000016c04a2bc50 JavaThread "Equinox resolver thread - Equinox Container: 96090431-6a00-41bb-9c72-b4e503fbe12f" daemon [_thread_blocked, id=20548, stack(0x00000063ecb00000,0x00000063ecc00000)]
  0x0000016c04a2c120 JavaThread "Equinox resolver thread - Equinox Container: 96090431-6a00-41bb-9c72-b4e503fbe12f" daemon [_thread_blocked, id=1744, stack(0x00000063ecc00000,0x00000063ecd00000)]
  0x0000016c04a2c5f0 JavaThread "Equinox resolver thread - Equinox Container: 96090431-6a00-41bb-9c72-b4e503fbe12f" daemon [_thread_blocked, id=21560, stack(0x00000063ecd00000,0x00000063ece00000)]
  0x0000016c04a2cac0 JavaThread "Equinox resolver thread - Equinox Container: 96090431-6a00-41bb-9c72-b4e503fbe12f" daemon [_thread_blocked, id=15364, stack(0x00000063ece00000,0x00000063ecf00000)]
  0x0000016c04a28050 JavaThread "Equinox resolver thread - Equinox Container: 96090431-6a00-41bb-9c72-b4e503fbe12f" daemon [_thread_blocked, id=22500, stack(0x00000063ecf00000,0x00000063ed000000)]
  0x0000016c04a28520 JavaThread "Equinox resolver thread - Equinox Container: 96090431-6a00-41bb-9c72-b4e503fbe12f" daemon [_thread_blocked, id=22484, stack(0x00000063ed000000,0x00000063ed100000)]
  0x0000016c04a99640 JavaThread "Active Thread: Equinox Container: 96090431-6a00-41bb-9c72-b4e503fbe12f" [_thread_blocked, id=4700, stack(0x00000063ed100000,0x00000063ed200000)]
  0x0000016c04ddf2e0 JavaThread "Framework Event Dispatcher: Equinox Container: 96090431-6a00-41bb-9c72-b4e503fbe12f" daemon [_thread_blocked, id=4916, stack(0x00000063ed500000,0x00000063ed600000)]
  0x0000016c04b11890 JavaThread "Start Level: Equinox Container: 96090431-6a00-41bb-9c72-b4e503fbe12f" daemon [_thread_blocked, id=19408, stack(0x00000063ed600000,0x00000063ed700000)]
  0x0000016c04aeca70 JavaThread "Refresh Thread: Equinox Container: 96090431-6a00-41bb-9c72-b4e503fbe12f" daemon [_thread_blocked, id=16212, stack(0x00000063ed700000,0x00000063ed800000)]
  0x0000016c04aec5a0 JavaThread "Equinox resolver thread - Equinox Container: 96090431-6a00-41bb-9c72-b4e503fbe12f" daemon [_thread_blocked, id=23480, stack(0x00000063ed800000,0x00000063ed900000)]
  0x0000016c04aecf40 JavaThread "Equinox resolver thread - Equinox Container: 96090431-6a00-41bb-9c72-b4e503fbe12f" daemon [_thread_blocked, id=12364, stack(0x00000063ed900000,0x00000063eda00000)]
  0x0000016c04aeb260 JavaThread "SCR Component Actor" daemon [_thread_blocked, id=17308, stack(0x00000063eda00000,0x00000063edb00000)]
  0x0000016c04aee280 JavaThread "Timer-0" daemon [_thread_blocked, id=21896, stack(0x00000063edb00000,0x00000063edc00000)]
  0x0000016c04aeddb0 JavaThread "Worker-JM" [_thread_blocked, id=25588, stack(0x00000063edc00000,0x00000063edd00000)]
  0x0000016c04aee750 JavaThread "Worker-0" [_thread_blocked, id=6880, stack(0x00000063ec800000,0x00000063ec900000)]
  0x0000016c04aead90 JavaThread "Worker-1: Register Watchers" [_thread_in_vm, id=10692, stack(0x00000063edf00000,0x00000063ee000000)]
  0x0000016c05b4e3d0 JavaThread "Java indexing" daemon [_thread_blocked, id=8296, stack(0x00000063ee300000,0x00000063ee400000)]
  0x0000016c05b52730 JavaThread "Bundle File Closer" daemon [_thread_blocked, id=15260, stack(0x00000063ee200000,0x00000063ee300000)]
  0x0000016c05b4d560 JavaThread "logback configurator timer" daemon [_thread_blocked, id=19876, stack(0x00000063ee400000,0x00000063ee500000)]
  0x0000016c05b4e8a0 JavaThread "pool-2-thread-1" [_thread_in_native, id=15412, stack(0x00000063ee500000,0x00000063ee600000)]
  0x0000016c05b530d0 JavaThread "Worker-2" [_thread_blocked, id=12368, stack(0x00000063ee600000,0x00000063ee700000)]
=>0x0000016c04dca4a0 JavaThread "C2 CompilerThread1" daemon [_thread_in_native, id=8608, stack(0x00000063ee700000,0x00000063ee800000)]

Other Threads:
  0x0000016c7fb36f70 VMThread "VM Thread" [stack: 0x00000063ebe00000,0x00000063ebf00000] [id=6896]
  0x0000016c03871770 WatcherThread [stack: 0x00000063eca00000,0x00000063ecb00000] [id=12660]
  0x0000016c666fbfe0 GCTaskThread "GC Thread#0" [stack: 0x00000063ebd00000,0x00000063ebe00000] [id=5836]
  0x0000016c037aebb0 GCTaskThread "GC Thread#1" [stack: 0x00000063ed200000,0x00000063ed300000] [id=2072]
  0x0000016c037b1850 GCTaskThread "GC Thread#2" [stack: 0x00000063ed300000,0x00000063ed400000] [id=6216]
  0x0000016c037b0ec0 GCTaskThread "GC Thread#3" [stack: 0x00000063ed400000,0x00000063ed500000] [id=8256]
  0x0000016c059b2e90 GCTaskThread "GC Thread#4" [stack: 0x00000063edd00000,0x00000063ede00000] [id=1932]
  0x0000016c059b21d0 GCTaskThread "GC Thread#5" [stack: 0x00000063ede00000,0x00000063edf00000] [id=12088]
  0x0000016c059b0b80 GCTaskThread "GC Thread#6" [stack: 0x00000063ee000000,0x00000063ee100000] [id=6736]
  0x0000016c059b31c0 GCTaskThread "GC Thread#7" [stack: 0x00000063ee100000,0x00000063ee200000] [id=1704]

Threads with active compile tasks:
C2 CompilerThread0     6199 3234   !   4       org.eclipse.osgi.internal.loader.classpath.ClasspathManager::findLocalClass (210 bytes)
C2 CompilerThread1     6199 3315   !   4       org.eclipse.osgi.internal.loader.classpath.ClasspathManager::findClassImpl (308 bytes)

VM state: not at safepoint (normal execution)

VM Mutex/Monitor currently owned by a thread: None

Heap address: 0x00000000c0000000, size: 1024 MB, Compressed Oops mode: 32-bit
CDS archive(s) mapped at: [0x0000000800000000-0x0000000800b50000-0x0000000800b50000), size 11862016, SharedBaseAddress: 0x0000000800000000, ArchiveRelocationMode: 0.
Compressed class space mapped at: 0x0000000800b50000-0x0000000840b50000, size: 1073741824
Narrow klass base: 0x0000000800000000, Narrow klass shift: 3, Narrow klass range: 0x100000000

GC Precious Log:
 CPUs: 8 total, 8 available
 Memory: 8026M
 Large Page Support: Disabled
 NUMA Support: Disabled
 Compressed Oops: Enabled (32-bit)
 Heap Min Capacity: 100M
 Heap Initial Capacity: 100M
 Heap Max Capacity: 1G
 Pre-touch: Disabled
 Parallel Workers: 8

Heap:
 PSYoungGen      total 26112K, used 16446K [0x00000000eab00000, 0x00000000ed300000, 0x0000000100000000)
  eden space 21504K, 55% used [0x00000000eab00000,0x00000000eb691808,0x00000000ec000000)
  from space 4608K, 99% used [0x00000000ec800000,0x00000000ecc7e208,0x00000000ecc80000)
  to   space 8192K, 0% used [0x00000000ec000000,0x00000000ec000000,0x00000000ec800000)
 ParOldGen       total 68608K, used 12548K [0x00000000c0000000, 0x00000000c4300000, 0x00000000eab00000)
  object space 68608K, 18% used [0x00000000c0000000,0x00000000c0c41238,0x00000000c4300000)
 Metaspace       used 31744K, capacity 33800K, committed 33840K, reserved 1079296K
  class space    used 3259K, capacity 3948K, committed 3968K, reserved 1048576K

Card table byte_map: [0x0000016c68110000,0x0000016c68320000] _byte_map_base: 0x0000016c67b10000

Marking Bits: (ParMarkBitMap*) 0x00007fff05e3a0b0
 Begin Bits: [0x0000016c00000000, 0x0000016c01000000)
 End Bits:   [0x0000016c01000000, 0x0000016c02000000)

Polling page: 0x0000016c67f00000

Metaspace:

Usage:
  Non-class:     29.15 MB capacity,    27.82 MB ( 95%) used,     1.29 MB (  4%) free+waste,    41.94 KB ( <1%) overhead. 
      Class:      3.86 MB capacity,     3.18 MB ( 83%) used,   668.42 KB ( 17%) free+waste,    20.00 KB ( <1%) overhead. 
       Both:     33.01 MB capacity,    31.00 MB ( 94%) used,     1.95 MB (  6%) free+waste,    61.94 KB ( <1%) overhead. 

Virtual space:
  Non-class space:       30.00 MB reserved,      29.17 MB ( 97%) committed 
      Class space:        1.00 GB reserved,       3.88 MB ( <1%) committed 
             Both:        1.03 GB reserved,      33.05 MB (  3%) committed 

Chunk freelists:
   Non-Class:  20.00 KB
       Class:  20.00 KB
        Both:  40.00 KB

MaxMetaspaceSize: 17179869184.00 GB
CompressedClassSpaceSize: 1.00 GB

CodeHeap 'non-profiled nmethods': size=120000Kb used=1330Kb max_used=1330Kb free=118669Kb
 bounds [0x0000016c78420000, 0x0000016c78690000, 0x0000016c7f950000]
CodeHeap 'profiled nmethods': size=120000Kb used=7514Kb max_used=7514Kb free=112485Kb
 bounds [0x0000016c70ef0000, 0x0000016c71650000, 0x0000016c78420000]
CodeHeap 'non-nmethods': size=5760Kb used=1263Kb max_used=1288Kb free=4496Kb
 bounds [0x0000016c70950000, 0x0000016c70bc0000, 0x0000016c70ef0000]
 total_blobs=4010 nmethods=3459 adapters=464
 compilation: enabled
              stopped_count=0, restarted_count=0
 full_count=0

Compilation events (20 events):
Event: 6.122 Thread 0x0000016c0362b1f0 nmethod 3459 0x0000016c71639010 code [0x0000016c71639200, 0x0000016c71639658]
Event: 6.122 Thread 0x0000016c0362b1f0 3460       2       org.eclipse.osgi.container.ModuleResolver::removeNonEffectiveRequirements (179 bytes)
Event: 6.124 Thread 0x0000016c0362b1f0 nmethod 3460 0x0000016c71639890 code [0x0000016c71639b40, 0x0000016c7163a268]
Event: 6.124 Thread 0x0000016c0362b1f0 3463       2       org.eclipse.osgi.container.ModuleResolver::addProvidedWires (89 bytes)
Event: 6.124 Thread 0x0000016c0362b1f0 nmethod 3463 0x0000016c7163a610 code [0x0000016c7163a820, 0x0000016c7163ac08]
Event: 6.124 Thread 0x0000016c0362b1f0 3462       2       org.eclipse.osgi.container.ModuleWiring::getModuleCapabilities (10 bytes)
Event: 6.124 Thread 0x0000016c0362b1f0 nmethod 3462 0x0000016c7163ae10 code [0x0000016c7163afa0, 0x0000016c7163b0a8]
Event: 6.124 Thread 0x0000016c0362b1f0 3461       1       java.lang.StackTraceElement::getClassName (5 bytes)
Event: 6.124 Thread 0x0000016c0362b1f0 nmethod 3461 0x0000016c7856c090 code [0x0000016c7856c220, 0x0000016c7856c2d8]
Event: 6.125 Thread 0x0000016c0362b1f0 3464       2       org.eclipse.osgi.container.ModuleWiring::getProvidedModuleWires (10 bytes)
Event: 6.125 Thread 0x0000016c0362b1f0 nmethod 3464 0x0000016c7163b190 code [0x0000016c7163b320, 0x0000016c7163b428]
Event: 6.126 Thread 0x0000016c0362b1f0 3465       2       java.util.ArrayList::listIterator (15 bytes)
Event: 6.126 Thread 0x0000016c0362b1f0 nmethod 3465 0x0000016c7163b510 code [0x0000016c7163b6c0, 0x0000016c7163b978]
Event: 6.126 Thread 0x0000016c0362b1f0 3466       2       org.eclipse.osgi.internal.container.InternalUtils::filterCapabilityPermissions (77 bytes)
Event: 6.127 Thread 0x0000016c0362b1f0 nmethod 3466 0x0000016c7163bb10 code [0x0000016c7163bd20, 0x0000016c7163c0a8]
Event: 6.130 Thread 0x0000016c0362b1f0 3467 %     3       org.apache.felix.resolver.ResolverImpl::parseUses @ 12 (157 bytes)
Event: 6.133 Thread 0x0000016c0362b1f0 nmethod 3467% 0x0000016c7163c310 code [0x0000016c7163c660, 0x0000016c7163dde8]
Event: 6.134 Thread 0x0000016c0362b1f0 3468       2       java.util.concurrent.ThreadPoolExecutor$CallerRunsPolicy::rejectedExecution (14 bytes)
Event: 6.135 Thread 0x0000016c0362b1f0 nmethod 3468 0x0000016c7163e790 code [0x0000016c7163e940, 0x0000016c7163ea88]
Event: 6.140 Thread 0x0000016c0362b1f0 3469       2       org.apache.felix.resolver.util.OpenHashMap::putAll (164 bytes)

GC Heap History (14 events):
Event: 1.181 GC heap before
{Heap before GC invocations=1 (full 0):
 PSYoungGen      total 29696K, used 25600K [0x00000000eab00000, 0x00000000ecc00000, 0x0000000100000000)
  eden space 25600K, 100% used [0x00000000eab00000,0x00000000ec400000,0x00000000ec400000)
  from space 4096K, 0% used [0x00000000ec800000,0x00000000ec800000,0x00000000ecc00000)
  to   space 4096K, 0% used [0x00000000ec400000,0x00000000ec400000,0x00000000ec800000)
 ParOldGen       total 68608K, used 0K [0x00000000c0000000, 0x00000000c4300000, 0x00000000eab00000)
  object space 68608K, 0% used [0x00000000c0000000,0x00000000c0000000,0x00000000c4300000)
 Metaspace       used 6816K, capacity 7259K, committed 7424K, reserved 1056768K
  class space    used 651K, capacity 720K, committed 768K, reserved 1048576K
}
Event: 1.186 GC heap after
{Heap after GC invocations=1 (full 0):
 PSYoungGen      total 29696K, used 3353K [0x00000000eab00000, 0x00000000ecc00000, 0x0000000100000000)
  eden space 25600K, 0% used [0x00000000eab00000,0x00000000eab00000,0x00000000ec400000)
  from space 4096K, 81% used [0x00000000ec400000,0x00000000ec7466d8,0x00000000ec800000)
  to   space 4096K, 0% used [0x00000000ec800000,0x00000000ec800000,0x00000000ecc00000)
 ParOldGen       total 68608K, used 16K [0x00000000c0000000, 0x00000000c4300000, 0x00000000eab00000)
  object space 68608K, 0% used [0x00000000c0000000,0x00000000c0004000,0x00000000c4300000)
 Metaspace       used 6816K, capacity 7259K, committed 7424K, reserved 1056768K
  class space    used 651K, capacity 720K, committed 768K, reserved 1048576K
}
Event: 1.742 GC heap before
{Heap before GC invocations=2 (full 0):
 PSYoungGen      total 29696K, used 28953K [0x00000000eab00000, 0x00000000ecc00000, 0x0000000100000000)
  eden space 25600K, 100% used [0x00000000eab00000,0x00000000ec400000,0x00000000ec400000)
  from space 4096K, 81% used [0x00000000ec400000,0x00000000ec7466d8,0x00000000ec800000)
  to   space 4096K, 0% used [0x00000000ec800000,0x00000000ec800000,0x00000000ecc00000)
 ParOldGen       total 68608K, used 16K [0x00000000c0000000, 0x00000000c4300000, 0x00000000eab00000)
  object space 68608K, 0% used [0x00000000c0000000,0x00000000c0004000,0x00000000c4300000)
 Metaspace       used 7601K, capacity 7806K, committed 7936K, reserved 1056768K
  class space    used 715K, capacity 753K, committed 768K, reserved 1048576K
}
Event: 1.751 GC heap after
{Heap after GC invocations=2 (full 0):
 PSYoungGen      total 29696K, used 4066K [0x00000000eab00000, 0x00000000ecc00000, 0x0000000100000000)
  eden space 25600K, 0% used [0x00000000eab00000,0x00000000eab00000,0x00000000ec400000)
  from space 4096K, 99% used [0x00000000ec800000,0x00000000ecbf8be8,0x00000000ecc00000)
  to   space 4096K, 0% used [0x00000000ec400000,0x00000000ec400000,0x00000000ec800000)
 ParOldGen       total 68608K, used 3343K [0x00000000c0000000, 0x00000000c4300000, 0x00000000eab00000)
  object space 68608K, 4% used [0x00000000c0000000,0x00000000c0343d98,0x00000000c4300000)
 Metaspace       used 7601K, capacity 7806K, committed 7936K, reserved 1056768K
  class space    used 715K, capacity 753K, committed 768K, reserved 1048576K
}
Event: 3.005 GC heap before
{Heap before GC invocations=3 (full 0):
 PSYoungGen      total 29696K, used 29666K [0x00000000eab00000, 0x00000000ecc00000, 0x0000000100000000)
  eden space 25600K, 100% used [0x00000000eab00000,0x00000000ec400000,0x00000000ec400000)
  from space 4096K, 99% used [0x00000000ec800000,0x00000000ecbf8be8,0x00000000ecc00000)
  to   space 4096K, 0% used [0x00000000ec400000,0x00000000ec400000,0x00000000ec800000)
 ParOldGen       total 68608K, used 3343K [0x00000000c0000000, 0x00000000c4300000, 0x00000000eab00000)
  object space 68608K, 4% used [0x00000000c0000000,0x00000000c0343d98,0x00000000c4300000)
 Metaspace       used 13448K, capacity 14281K, committed 14464K, reserved 1062912K
  class space    used 1277K, capacity 1539K, committed 1664K, reserved 1048576K
}
Event: 3.015 GC heap after
{Heap after GC invocations=3 (full 0):
 PSYoungGen      total 29696K, used 4090K [0x00000000eab00000, 0x00000000ecc00000, 0x0000000100000000)
  eden space 25600K, 0% used [0x00000000eab00000,0x00000000eab00000,0x00000000ec400000)
  from space 4096K, 99% used [0x00000000ec400000,0x00000000ec7feb40,0x00000000ec800000)
  to   space 4096K, 0% used [0x00000000ec800000,0x00000000ec800000,0x00000000ecc00000)
 ParOldGen       total 68608K, used 5771K [0x00000000c0000000, 0x00000000c4300000, 0x00000000eab00000)
  object space 68608K, 8% used [0x00000000c0000000,0x00000000c05a2e38,0x00000000c4300000)
 Metaspace       used 13448K, capacity 14281K, committed 14464K, reserved 1062912K
  class space    used 1277K, capacity 1539K, committed 1664K, reserved 1048576K
}
Event: 3.700 GC heap before
{Heap before GC invocations=4 (full 0):
 PSYoungGen      total 29696K, used 26089K [0x00000000eab00000, 0x00000000ecc00000, 0x0000000100000000)
  eden space 25600K, 85% used [0x00000000eab00000,0x00000000ec07b9b8,0x00000000ec400000)
  from space 4096K, 99% used [0x00000000ec400000,0x00000000ec7feb40,0x00000000ec800000)
  to   space 4096K, 0% used [0x00000000ec800000,0x00000000ec800000,0x00000000ecc00000)
 ParOldGen       total 68608K, used 5771K [0x00000000c0000000, 0x00000000c4300000, 0x00000000eab00000)
  object space 68608K, 8% used [0x00000000c0000000,0x00000000c05a2e38,0x00000000c4300000)
 Metaspace       used 20161K, capacity 21164K, committed 21296K, reserved 1069056K
  class space    used 1808K, capacity 2108K, committed 2176K, reserved 1048576K
}
Event: 3.705 GC heap after
{Heap after GC invocations=4 (full 0):
 PSYoungGen      total 29696K, used 4081K [0x00000000eab00000, 0x00000000ecc00000, 0x0000000100000000)
  eden space 25600K, 0% used [0x00000000eab00000,0x00000000eab00000,0x00000000ec400000)
  from space 4096K, 99% used [0x00000000ec800000,0x00000000ecbfc7a8,0x00000000ecc00000)
  to   space 4096K, 0% used [0x00000000ec400000,0x00000000ec400000,0x00000000ec800000)
 ParOldGen       total 68608K, used 6427K [0x00000000c0000000, 0x00000000c4300000, 0x00000000eab00000)
  object space 68608K, 9% used [0x00000000c0000000,0x00000000c0646e58,0x00000000c4300000)
 Metaspace       used 20161K, capacity 21164K, committed 21296K, reserved 1069056K
  class space    used 1808K, capacity 2108K, committed 2176K, reserved 1048576K
}
Event: 3.705 GC heap before
{Heap before GC invocations=5 (full 1):
 PSYoungGen      total 29696K, used 4081K [0x00000000eab00000, 0x00000000ecc00000, 0x0000000100000000)
  eden space 25600K, 0% used [0x00000000eab00000,0x00000000eab00000,0x00000000ec400000)
  from space 4096K, 99% used [0x00000000ec800000,0x00000000ecbfc7a8,0x00000000ecc00000)
  to   space 4096K, 0% used [0x00000000ec400000,0x00000000ec400000,0x00000000ec800000)
 ParOldGen       total 68608K, used 6427K [0x00000000c0000000, 0x00000000c4300000, 0x00000000eab00000)
  object space 68608K, 9% used [0x00000000c0000000,0x00000000c0646e58,0x00000000c4300000)
 Metaspace       used 20161K, capacity 21164K, committed 21296K, reserved 1069056K
  class space    used 1808K, capacity 2108K, committed 2176K, reserved 1048576K
}
Event: 3.734 GC heap after
{Heap after GC invocations=5 (full 1):
 PSYoungGen      total 29696K, used 0K [0x00000000eab00000, 0x00000000ecc00000, 0x0000000100000000)
  eden space 25600K, 0% used [0x00000000eab00000,0x00000000eab00000,0x00000000ec400000)
  from space 4096K, 0% used [0x00000000ec800000,0x00000000ec800000,0x00000000ecc00000)
  to   space 4096K, 0% used [0x00000000ec400000,0x00000000ec400000,0x00000000ec800000)
 ParOldGen       total 68608K, used 9701K [0x00000000c0000000, 0x00000000c4300000, 0x00000000eab00000)
  object space 68608K, 14% used [0x00000000c0000000,0x00000000c0979650,0x00000000c4300000)
 Metaspace       used 20161K, capacity 21164K, committed 21296K, reserved 1069056K
  class space    used 1808K, capacity 2108K, committed 2176K, reserved 1048576K
}
Event: 5.726 GC heap before
{Heap before GC invocations=6 (full 1):
 PSYoungGen      total 29696K, used 25600K [0x00000000eab00000, 0x00000000ecc00000, 0x0000000100000000)
  eden space 25600K, 100% used [0x00000000eab00000,0x00000000ec400000,0x00000000ec400000)
  from space 4096K, 0% used [0x00000000ec800000,0x00000000ec800000,0x00000000ecc00000)
  to   space 4096K, 0% used [0x00000000ec400000,0x00000000ec400000,0x00000000ec800000)
 ParOldGen       total 68608K, used 9701K [0x00000000c0000000, 0x00000000c4300000, 0x00000000eab00000)
  object space 68608K, 14% used [0x00000000c0000000,0x00000000c0979650,0x00000000c4300000)
 Metaspace       used 28901K, capacity 30980K, committed 31152K, reserved 1077248K
  class space    used 2887K, capacity 3581K, committed 3584K, reserved 1048576K
}
Event: 5.729 GC heap after
{Heap after GC invocations=6 (full 1):
 PSYoungGen      total 29184K, used 4073K [0x00000000eab00000, 0x00000000ecc80000, 0x0000000100000000)
  eden space 25088K, 0% used [0x00000000eab00000,0x00000000eab00000,0x00000000ec380000)
  from space 4096K, 99% used [0x00000000ec400000,0x00000000ec7fa600,0x00000000ec800000)
  to   space 4608K, 0% used [0x00000000ec800000,0x00000000ec800000,0x00000000ecc80000)
 ParOldGen       total 68608K, used 9709K [0x00000000c0000000, 0x00000000c4300000, 0x00000000eab00000)
  object space 68608K, 14% used [0x00000000c0000000,0x00000000c097b650,0x00000000c4300000)
 Metaspace       used 28901K, capacity 30980K, committed 31152K, reserved 1077248K
  class space    used 2887K, capacity 3581K, committed 3584K, reserved 1048576K
}
Event: 6.065 GC heap before
{Heap before GC invocations=7 (full 1):
 PSYoungGen      total 29184K, used 29161K [0x00000000eab00000, 0x00000000ecc80000, 0x0000000100000000)
  eden space 25088K, 100% used [0x00000000eab00000,0x00000000ec380000,0x00000000ec380000)
  from space 4096K, 99% used [0x00000000ec400000,0x00000000ec7fa600,0x00000000ec800000)
  to   space 4608K, 0% used [0x00000000ec800000,0x00000000ec800000,0x00000000ecc80000)
 ParOldGen       total 68608K, used 9709K [0x00000000c0000000, 0x00000000c4300000, 0x00000000eab00000)
  object space 68608K, 14% used [0x00000000c0000000,0x00000000c097b650,0x00000000c4300000)
 Metaspace       used 31238K, capacity 33340K, committed 33584K, reserved 1079296K
  class space    used 3182K, capacity 3881K, committed 3968K, reserved 1048576K
}
Event: 6.069 GC heap after
{Heap after GC invocations=7 (full 1):
 PSYoungGen      total 26112K, used 4600K [0x00000000eab00000, 0x00000000ed300000, 0x0000000100000000)
  eden space 21504K, 0% used [0x00000000eab00000,0x00000000eab00000,0x00000000ec000000)
  from space 4608K, 99% used [0x00000000ec800000,0x00000000ecc7e208,0x00000000ecc80000)
  to   space 8192K, 0% used [0x00000000ec000000,0x00000000ec000000,0x00000000ec800000)
 ParOldGen       total 68608K, used 12548K [0x00000000c0000000, 0x00000000c4300000, 0x00000000eab00000)
  object space 68608K, 18% used [0x00000000c0000000,0x00000000c0c41238,0x00000000c4300000)
 Metaspace       used 31238K, capacity 33340K, committed 33584K, reserved 1079296K
  class space    used 3182K, capacity 3881K, committed 3968K, reserved 1048576K
}

Deoptimization events (20 events):
Event: 6.020 Thread 0x0000016c05b4e8a0 Uncommon trap: trap_request=0xffffffbe fr.pc=0x0000016c784b8c50 relative=0x00000000000007d0
Event: 6.020 Thread 0x0000016c05b4e8a0 Uncommon trap: reason=profile_predicate action=maybe_recompile pc=0x0000016c784b8c50 method=org.apache.felix.resolver.util.OpenHashMap.getOrCompute(Ljava/lang/Object;)Ljava/lang/Object; @ 108 c2
Event: 6.020 Thread 0x0000016c05b4e8a0 DEOPT PACKING pc=0x0000016c784b8c50 sp=0x00000063ee5fd670
Event: 6.020 Thread 0x0000016c05b4e8a0 DEOPT UNPACKING pc=0x0000016c7099e42f sp=0x00000063ee5fd618 mode 2
Event: 6.097 Thread 0x0000016c04aead90 Uncommon trap: trap_request=0xffffff45 fr.pc=0x0000016c784d73a4 relative=0x0000000000000204
Event: 6.097 Thread 0x0000016c04aead90 Uncommon trap: reason=unstable_if action=reinterpret pc=0x0000016c784d73a4 method=java.util.HashMap.getNode(Ljava/lang/Object;)Ljava/util/HashMap$Node; @ 66 c2
Event: 6.097 Thread 0x0000016c04aead90 DEOPT PACKING pc=0x0000016c784d73a4 sp=0x00000063edffe620
Event: 6.097 Thread 0x0000016c04aead90 DEOPT UNPACKING pc=0x0000016c7099e42f sp=0x00000063edffe538 mode 2
Event: 6.097 Thread 0x0000016c04aead90 Uncommon trap: trap_request=0xffffffde fr.pc=0x0000016c7851de94 relative=0x0000000000000774
Event: 6.097 Thread 0x0000016c04aead90 Uncommon trap: reason=class_check action=maybe_recompile pc=0x0000016c7851de94 method=java.util.HashMap.putVal(ILjava/lang/Object;Ljava/lang/Object;ZZ)Ljava/lang/Object; @ 91 c2
Event: 6.097 Thread 0x0000016c04aead90 DEOPT PACKING pc=0x0000016c7851de94 sp=0x00000063edffe5c0
Event: 6.097 Thread 0x0000016c04aead90 DEOPT UNPACKING pc=0x0000016c7099e42f sp=0x00000063edffe530 mode 2
Event: 6.100 Thread 0x0000016c04aead90 Uncommon trap: trap_request=0xffffff45 fr.pc=0x0000016c785475fc relative=0x00000000000001dc
Event: 6.100 Thread 0x0000016c04aead90 Uncommon trap: reason=unstable_if action=reinterpret pc=0x0000016c785475fc method=java.util.HashMap.getNode(Ljava/lang/Object;)Ljava/util/HashMap$Node; @ 66 c2
Event: 6.100 Thread 0x0000016c04aead90 DEOPT PACKING pc=0x0000016c785475fc sp=0x00000063edffe490
Event: 6.100 Thread 0x0000016c04aead90 DEOPT UNPACKING pc=0x0000016c7099e42f sp=0x00000063edffe420 mode 2
Event: 6.100 Thread 0x0000016c04aead90 Uncommon trap: trap_request=0xffffffde fr.pc=0x0000016c7851de94 relative=0x0000000000000774
Event: 6.100 Thread 0x0000016c04aead90 Uncommon trap: reason=class_check action=maybe_recompile pc=0x0000016c7851de94 method=java.util.HashMap.putVal(ILjava/lang/Object;Ljava/lang/Object;ZZ)Ljava/lang/Object; @ 91 c2
Event: 6.100 Thread 0x0000016c04aead90 DEOPT PACKING pc=0x0000016c7851de94 sp=0x00000063edffe4a0
Event: 6.100 Thread 0x0000016c04aead90 DEOPT UNPACKING pc=0x0000016c7099e42f sp=0x00000063edffe410 mode 2

Classes unloaded (0 events):
No events

Classes redefined (0 events):
No events

Internal exceptions (20 events):
Event: 2.820 Thread 0x0000016c04b11890 Exception <a 'java/lang/NoSuchMethodError'{0x00000000ec1d5158}: 'void java.lang.invoke.DirectMethodHandle$Holder.invokeInterface(java.lang.Object, java.lang.Object, java.lang.Object)'> (0x00000000ec1d5158) 
thrown [./open/src/hotspot/share/interpreter/linkResolver.cpp, line 782]
Event: 2.989 Thread 0x0000016c04b11890 Exception <a 'java/io/FileNotFoundException'{0x00000000ec3b0170}> (0x00000000ec3b0170) 
thrown [./open/src/hotspot/share/prims/jni.cpp, line 578]
Event: 3.306 Thread 0x0000016c04b11890 Exception <a 'java/lang/NoSuchMethodError'{0x00000000eadcf930}: 'int java.lang.invoke.DirectMethodHandle$Holder.invokeStaticInit(java.lang.Object, java.lang.Object, java.lang.Object)'> (0x00000000eadcf930) 
thrown [./open/src/hotspot/share/interpreter/linkResolver.cpp, line 782]
Event: 3.780 Thread 0x0000016c04b11890 Exception <a 'java/lang/ClassNotFoundException'{0x00000000eac250c0}: com/sun/org/apache/xerces/internal/impl/msg/spi/DOMMessagesProvider> (0x00000000eac250c0) 
thrown [./open/src/hotspot/share/classfile/systemDictionary.cpp, line 295]
Event: 3.783 Thread 0x0000016c04b11890 Exception <a 'java/lang/ClassNotFoundException'{0x00000000eac3a260}: com/sun/org/apache/xerces/internal/impl/msg/spi/XMLSerializerMessagesProvider> (0x00000000eac3a260) 
thrown [./open/src/hotspot/share/classfile/systemDictionary.cpp, line 295]
Event: 3.784 Thread 0x0000016c04b11890 Exception <a 'java/lang/ClassNotFoundException'{0x00000000eac45a18}: com/sun/org/apache/xerces/internal/impl/msg/spi/XMLMessagesProvider> (0x00000000eac45a18) 
thrown [./open/src/hotspot/share/classfile/systemDictionary.cpp, line 295]
Event: 3.877 Thread 0x0000016c04b11890 Exception <a 'sun/nio/fs/WindowsException'{0x00000000ead801e8}> (0x00000000ead801e8) 
thrown [./open/src/hotspot/share/prims/jni.cpp, line 578]
Event: 3.921 Thread 0x0000016c04b11890 Exception <a 'sun/nio/fs/WindowsException'{0x00000000eadf3058}> (0x00000000eadf3058) 
thrown [./open/src/hotspot/share/prims/jni.cpp, line 578]
Event: 3.978 Thread 0x0000016c04b11890 Exception <a 'java/lang/ClassNotFoundException'{0x00000000eae85b70}: com/sun/org/apache/xml/internal/serializer/spi/XMLEntitiesProvider> (0x00000000eae85b70) 
thrown [./open/src/hotspot/share/classfile/systemDictionary.cpp, line 295]
Event: 4.080 Thread 0x0000016c04b11890 Exception <a 'java/io/FileNotFoundException'{0x00000000eb059738}> (0x00000000eb059738) 
thrown [./open/src/hotspot/share/prims/jni.cpp, line 578]
Event: 4.991 Thread 0x0000016c04b11890 Exception <a 'java/lang/NoSuchMethodError'{0x00000000eb658d60}: 'void java.lang.invoke.DirectMethodHandle$Holder.invokeSpecial(java.lang.Object, java.lang.Object, java.lang.Object, int)'> (0x00000000eb658d60) 
thrown [./open/src/hotspot/share/interpreter/linkResolver.cpp, line 782]
Event: 5.081 Thread 0x0000016c04b11890 Exception <a 'java/lang/NoSuchMethodError'{0x00000000eb7a8110}: 'org.slf4j.impl.StaticMDCBinder org.slf4j.impl.StaticMDCBinder.getSingleton()'> (0x00000000eb7a8110) 
thrown [./open/src/hotspot/share/interpreter/linkResolver.cpp, line 782]
Event: 5.229 Thread 0x0000016c04b11890 Implicit null exception at 0x0000016c7852a4ca to 0x0000016c7852b1e0
Event: 5.229 Thread 0x0000016c04b11890 Implicit null exception at 0x0000016c7852cc13 to 0x0000016c7852d2e8
Event: 5.341 Thread 0x0000016c6874b900 Exception <a 'java/lang/NoSuchMethodError'{0x00000000ebd1e888}: 'void java.lang.invoke.DirectMethodHandle$Holder.invokeStatic(java.lang.Object, java.lang.Object, java.lang.Object, java.lang.Object)'> (0x00000000ebd1e888) 
thrown [./open/src/hotspot/share/interpreter/linkResolver.cpp, line 782]
Event: 5.474 Thread 0x0000016c6874b900 Exception <a 'java/lang/NoSuchMethodError'{0x00000000ec08e4c8}: 'java.lang.Object java.lang.invoke.DirectMethodHandle$Holder.newInvokeSpecial(java.lang.Object, java.lang.Object, java.lang.Object, java.lang.Object, java.lang.Object)'> (0x00000000ec08e4c8) 
thrown [./open/src/hotspot/share/interpreter/linkResolver.cpp, line 782]
Event: 5.631 Thread 0x0000016c05b4e8a0 Exception <a 'java/io/FileNotFoundException'{0x00000000ec2ff688}> (0x00000000ec2ff688) 
thrown [./open/src/hotspot/share/prims/jni.cpp, line 578]
Event: 5.663 Thread 0x0000016c05b4e8a0 Exception <a 'java/io/FileNotFoundException'{0x00000000ec3473a0}> (0x00000000ec3473a0) 
thrown [./open/src/hotspot/share/prims/jni.cpp, line 578]
Event: 5.673 Thread 0x0000016c05b4e8a0 Exception <a 'java/io/FileNotFoundException'{0x00000000ec371a98}> (0x00000000ec371a98) 
thrown [./open/src/hotspot/share/prims/jni.cpp, line 578]
Event: 5.793 Thread 0x0000016c05b4e8a0 Exception <a 'java/io/FileNotFoundException'{0x00000000ead6eb78}> (0x00000000ead6eb78) 
thrown [./open/src/hotspot/share/prims/jni.cpp, line 578]

Events (20 events):
Event: 5.788 loading class sun/nio/cs/ThreadLocalCoders$Cache
Event: 5.788 loading class sun/nio/cs/ThreadLocalCoders$Cache done
Event: 5.788 loading class sun/nio/cs/ThreadLocalCoders$1 done
Event: 5.789 loading class sun/nio/cs/ThreadLocalCoders$2
Event: 5.789 loading class sun/nio/cs/ThreadLocalCoders$2 done
Event: 5.800 loading class java/util/AbstractList$ListItr
Event: 5.800 loading class java/util/AbstractList$ListItr done
Event: 5.804 Thread 0x0000016c04dca4a0 Thread added: 0x0000016c04dca4a0
Event: 5.909 loading class java/util/concurrent/locks/ReentrantReadWriteLock$Sync$HoldCounter
Event: 5.909 loading class java/util/concurrent/locks/ReentrantReadWriteLock$Sync$HoldCounter done
Event: 5.922 loading class java/lang/TypeNotPresentException
Event: 5.922 loading class java/lang/TypeNotPresentException done
Event: 5.928 Executing VM operation: HandshakeAllThreads
Event: 5.928 Executing VM operation: HandshakeAllThreads done
Event: 5.959 loading class java/io/FilterReader
Event: 5.959 loading class java/io/FilterReader done
Event: 6.065 Executing VM operation: ParallelGCFailedAllocation
Event: 6.072 Executing VM operation: ParallelGCFailedAllocation done
Event: 6.072 Executing VM operation: HandshakeAllThreads
Event: 6.072 Executing VM operation: HandshakeAllThreads done


Dynamic libraries:
0x00007ff64b090000 - 0x00007ff64b09d000 	C:\Program Files\Java\jdk-15\bin\java.exe
0x00007fff6eb80000 - 0x00007fff6ed70000 	C:\WINDOWS\SYSTEM32\ntdll.dll
0x00007fff6cc30000 - 0x00007fff6cce2000 	C:\WINDOWS\System32\KERNEL32.DLL
0x00007fff6c7f0000 - 0x00007fff6ca95000 	C:\WINDOWS\System32\KERNELBASE.dll
0x00007fff68e10000 - 0x00007fff68e9f000 	C:\WINDOWS\SYSTEM32\apphelp.dll
0x00007fff6bde0000 - 0x00007fff6beda000 	C:\WINDOWS\System32\ucrtbase.dll
0x00007fff492e0000 - 0x00007fff492f8000 	C:\Program Files\Java\jdk-15\bin\jli.dll
0x00007fff496c0000 - 0x00007fff496d9000 	C:\Program Files\Java\jdk-15\bin\VCRUNTIME140.dll
0x00007fff6d900000 - 0x00007fff6da94000 	C:\WINDOWS\System32\USER32.dll
0x00007fff6cb50000 - 0x00007fff6cb71000 	C:\WINDOWS\System32\win32u.dll
0x00007fff6cf50000 - 0x00007fff6cf76000 	C:\WINDOWS\System32\GDI32.dll
0x00007fff55a90000 - 0x00007fff55d14000 	C:\WINDOWS\WinSxS\amd64_microsoft.windows.common-controls_6595b64144ccf1df_6.0.18362.1440_none_9e7dbfb9e45e8e67\COMCTL32.dll
0x00007fff6bba0000 - 0x00007fff6bd38000 	C:\WINDOWS\System32\gdi32full.dll
0x00007fff6e540000 - 0x00007fff6e5de000 	C:\WINDOWS\System32\msvcrt.dll
0x00007fff6bd40000 - 0x00007fff6bdde000 	C:\WINDOWS\System32\msvcp_win.dll
0x00007fff6d460000 - 0x00007fff6d796000 	C:\WINDOWS\System32\combase.dll
0x00007fff6ce30000 - 0x00007fff6cf4f000 	C:\WINDOWS\System32\RPCRT4.dll
0x00007fff6cac0000 - 0x00007fff6cb41000 	C:\WINDOWS\System32\bcryptPrimitives.dll
0x00007fff6dab0000 - 0x00007fff6dade000 	C:\WINDOWS\System32\IMM32.DLL
0x00007fff53be0000 - 0x00007fff53bec000 	C:\Program Files\Java\jdk-15\bin\vcruntime140_1.dll
0x00007fff2e200000 - 0x00007fff2e291000 	C:\Program Files\Java\jdk-15\bin\msvcp140.dll
0x00007fff053a0000 - 0x00007fff05efc000 	C:\Program Files\Java\jdk-15\bin\server\jvm.dll
0x00007fff6d850000 - 0x00007fff6d8f3000 	C:\WINDOWS\System32\ADVAPI32.dll
0x00007fff6e4a0000 - 0x00007fff6e537000 	C:\WINDOWS\System32\sechost.dll
0x00007fff6dc90000 - 0x00007fff6dc98000 	C:\WINDOWS\System32\PSAPI.DLL
0x00007fff53500000 - 0x00007fff53509000 	C:\WINDOWS\SYSTEM32\WSOCK32.dll
0x00007fff6e5f0000 - 0x00007fff6e65f000 	C:\WINDOWS\System32\WS2_32.dll
0x00007fff66900000 - 0x00007fff66924000 	C:\WINDOWS\SYSTEM32\WINMM.dll
0x00007fff65070000 - 0x00007fff6507a000 	C:\WINDOWS\SYSTEM32\VERSION.dll
0x00007fff668c0000 - 0x00007fff668ed000 	C:\WINDOWS\SYSTEM32\winmmbase.dll
0x00007fff6bb50000 - 0x00007fff6bb9a000 	C:\WINDOWS\System32\cfgmgr32.dll
0x00007fff6bab0000 - 0x00007fff6bac1000 	C:\WINDOWS\System32\kernel.appcore.dll
0x00007fff53b20000 - 0x00007fff53b2a000 	C:\Program Files\Java\jdk-15\bin\jimage.dll
0x00007fff6a2b0000 - 0x00007fff6a4a4000 	C:\WINDOWS\SYSTEM32\DBGHELP.DLL
0x00007fff4d130000 - 0x00007fff4d15a000 	C:\WINDOWS\SYSTEM32\dbgcore.DLL
0x00007fff48260000 - 0x00007fff48285000 	C:\Program Files\Java\jdk-15\bin\java.dll
0x00007fff6dca0000 - 0x00007fff6e388000 	C:\WINDOWS\System32\SHELL32.dll
0x00007fff6d7a0000 - 0x00007fff6d847000 	C:\WINDOWS\System32\shcore.dll
0x00007fff6bee0000 - 0x00007fff6c65b000 	C:\WINDOWS\System32\windows.storage.dll
0x00007fff6ba90000 - 0x00007fff6baae000 	C:\WINDOWS\System32\profapi.dll
0x00007fff6ba40000 - 0x00007fff6ba8a000 	C:\WINDOWS\System32\powrprof.dll
0x00007fff6ba30000 - 0x00007fff6ba40000 	C:\WINDOWS\System32\UMPDC.dll
0x00007fff6cf80000 - 0x00007fff6cfd2000 	C:\WINDOWS\System32\shlwapi.dll
0x00007fff6caa0000 - 0x00007fff6cab7000 	C:\WINDOWS\System32\cryptsp.dll
0x00007fff46fd0000 - 0x00007fff46fe9000 	C:\Program Files\Java\jdk-15\bin\net.dll
0x00007fff5bd50000 - 0x00007fff5be4a000 	C:\WINDOWS\SYSTEM32\WINHTTP.dll
0x00007fff6b250000 - 0x00007fff6b2b7000 	C:\WINDOWS\system32\mswsock.dll
0x00007fff44110000 - 0x00007fff44122000 	C:\Program Files\Java\jdk-15\bin\nio.dll
0x00007fff433f0000 - 0x00007fff43408000 	C:\Program Files\Java\jdk-15\bin\zip.dll
0x00007fff6adb0000 - 0x00007fff6ade3000 	C:\WINDOWS\system32\rsaenh.dll
0x00007fff6c660000 - 0x00007fff6c686000 	C:\WINDOWS\System32\bcrypt.dll
0x00007fff6b910000 - 0x00007fff6b935000 	C:\WINDOWS\SYSTEM32\USERENV.dll
0x00007fff6b440000 - 0x00007fff6b44c000 	C:\WINDOWS\SYSTEM32\CRYPTBASE.dll
0x00007fff6af50000 - 0x00007fff6af8a000 	C:\WINDOWS\SYSTEM32\IPHLPAPI.DLL
0x00007fff6e5e0000 - 0x00007fff6e5e8000 	C:\WINDOWS\System32\NSI.dll
0x00007fff64010000 - 0x00007fff64026000 	C:\WINDOWS\SYSTEM32\dhcpcsvc6.DLL
0x00007fff63ff0000 - 0x00007fff6400c000 	C:\WINDOWS\SYSTEM32\dhcpcsvc.DLL
0x00007fff6afa0000 - 0x00007fff6b06b000 	C:\WINDOWS\SYSTEM32\DNSAPI.dll
0x00007fff5b730000 - 0x00007fff5b759000 	C:\Users\david\AppData\Roaming\Code\User\globalStorage\redhat.java\0.77.0\config_win\org.eclipse.equinox.launcher\org.eclipse.equinox.launcher.win32.win32.x86_64_1.2.100.v20210209-1541\eclipse_11301.dll
0x00007fff669e0000 - 0x00007fff669f0000 	C:\Program Files\Java\jdk-15\bin\verify.dll
0x00007fff65a60000 - 0x00007fff65a71000 	C:\Users\david\AppData\Roaming\Code\User\globalStorage\redhat.java\0.77.0\config_win\org.eclipse.osgi\23\0\.cp\jWinHttp-1.0.0.dll
0x00007fff6cfe0000 - 0x00007fff6d137000 	C:\WINDOWS\System32\ole32.dll

dbghelp: loaded successfully - version: 4.0.5 - missing functions: none
symbol engine: initialized successfully - sym options: 0x614 - pdb path: .;C:\Program Files\Java\jdk-15\bin;C:\WINDOWS\SYSTEM32;C:\WINDOWS\WinSxS\amd64_microsoft.windows.common-controls_6595b64144ccf1df_6.0.18362.1440_none_9e7dbfb9e45e8e67;C:\Program Files\Java\jdk-15\bin\server;C:\Users\david\AppData\Roaming\Code\User\globalStorage\redhat.java\0.77.0\config_win\org.eclipse.equinox.launcher\org.eclipse.equinox.launcher.win32.win32.x86_64_1.2.100.v20210209-1541;C:\Users\david\AppData\Roaming\Code\User\globalStorage\redhat.java\0.77.0\config_win\org.eclipse.osgi\23\0\.cp

VM Arguments:
jvm_args: --add-modules=ALL-SYSTEM --add-opens=java.base/java.util=ALL-UNNAMED --add-opens=java.base/java.lang=ALL-UNNAMED -Declipse.application=org.eclipse.jdt.ls.core.id1 -Dosgi.bundles.defaultStartLevel=4 -Declipse.product=org.eclipse.jdt.ls.core.product -Dfile.encoding=utf8 -DwatchParentProcess=false -XX:+UseParallelGC -XX:GCTimeRatio=4 -XX:AdaptiveSizePolicyWeight=90 -Dsun.zip.disableMemoryMapping=true -Xmx1G -Xms100m 
java_command: c:\Users\david\.vscode\extensions\redhat.java-0.77.0\server\plugins\org.eclipse.equinox.launcher_1.6.100.v20201223-0822.jar -configuration c:\Users\david\AppData\Roaming\Code\User\globalStorage\redhat.java\0.77.0\config_win -data c:\Users\david\AppData\Roaming\Code\User\workspaceStorage\728eb51026b4024a1eeb2b73e8049cc8\redhat.java\jdt_ws
java_class_path (initial): c:\Users\david\.vscode\extensions\redhat.java-0.77.0\server\plugins\org.eclipse.equinox.launcher_1.6.100.v20201223-0822.jar
Launcher Type: SUN_STANDARD

[Global flags]
    uintx AdaptiveSizePolicyWeight                 = 90                                        {product} {command line}
     intx CICompilerCount                          = 4                                         {product} {ergonomic}
    uintx GCTimeRatio                              = 4                                         {product} {command line}
   size_t InitialHeapSize                          = 104857600                                 {product} {command line}
   size_t MaxHeapSize                              = 1073741824                                {product} {command line}
   size_t MaxNewSize                               = 357564416                                 {product} {ergonomic}
   size_t MinHeapDeltaBytes                        = 524288                                    {product} {ergonomic}
   size_t MinHeapSize                              = 104857600                                 {product} {command line}
   size_t NewSize                                  = 34603008                                  {product} {ergonomic}
    uintx NonNMethodCodeHeapSize                   = 5839372                                {pd product} {ergonomic}
    uintx NonProfiledCodeHeapSize                  = 122909434                              {pd product} {ergonomic}
   size_t OldSize                                  = 70254592                                  {product} {ergonomic}
    uintx ProfiledCodeHeapSize                     = 122909434                              {pd product} {ergonomic}
    uintx ReservedCodeCacheSize                    = 251658240                              {pd product} {ergonomic}
     bool SegmentedCodeCache                       = true                                      {product} {ergonomic}
   size_t SoftMaxHeapSize                          = 1073741824                             {manageable} {ergonomic}
     bool UseCompressedClassPointers               = true                                 {lp64_product} {ergonomic}
     bool UseCompressedOops                        = true                                 {lp64_product} {ergonomic}
     bool UseLargePagesIndividualAllocation        = false                                  {pd product} {ergonomic}
     bool UseParallelGC                            = true                                      {product} {command line}

Logging:
Log output configuration:
 #0: stdout all=warning uptime,level,tags
 #1: stderr all=off uptime,level,tags

Environment Variables:
JAVA_HOME=C:\Program Files\Java\jdk-15
PATH=C:\Program Files (x86)\Common Files\Oracle\Java\javapath;C:\Program Files (x86)\Common Files\Intel\Shared Libraries\redist\intel64_win\compiler;C:\Program Files (x86)\Common Files\Intel\Shared Libraries\redist\intel64\compiler;C:\WINDOWS\system32;C:\WINDOWS;C:\WINDOWS\System32\Wbem;C:\WINDOWS\System32\WindowsPowerShell\v1.0\;C:\WINDOWS\System32\OpenSSH\;C:\ProgramData\chocolatey\bin;C:\Program Files\Java\jdk-13.0.1\bin;C:\Program Files\Intel\WiFi\bin\;C:\Program Files\Common Files\Intel\WirelessCommon\;C:\Program Files\nodejs\;C:\Program Files\dotnet\;C:\Program Files\Microsoft SQL Server\Client SDK\ODBC\170\Tools\Binn\;C:\Program Files (x86)\Microsoft SQL Server\150\DTS\Binn\;C:\Program Files\PuTTY\;C:\Program Files\Java\jdk-15\bin;C:\Program Files\Git\cmd;C:\Program Files\Docker\Docker\resources\bin;C:\ProgramData\DockerDesktop\version-bin;C:\Users\david\.windows-build-tools\python27\;C:\Users\david\AppData\Local\Programs\Python\Python38\Scripts\;C:\Users\david\AppData\Local\Programs\Python\Python38\;C:\Users\david\AppData\Local\Microsoft\WindowsApps;C:\Users\david\AppData\Local\Programs\Microsoft VS Code\bin;C:\Users\david\AppData\Roaming\npm;C:\Users\david\AppData\Local\Programs\MiKTeX 2.9\miktex\bin\x64\;C:\Users\david\.dotnet\tools;C:\Users\david\.dotnet\tools;C:\Users\david\AppData\Local\GitHubDesktop\bin;C:\Users\david\.fly\bin
USERNAME=david
OS=Windows_NT
PROCESSOR_IDENTIFIER=Intel64 Family 6 Model 142 Stepping 10, GenuineIntel



---------------  S Y S T E M  ---------------

OS:
 Windows 10 , 64 bit Build 18362 (10.0.18362.1350)
OS uptime: 2 days 8:02 hours
HyperV virtualization detected

CPU: total 8 (initial active 8) (4 cores per cpu, 2 threads per core) family 6 model 142 stepping 10, cmov, cx8, fxsr, mmx, sse, sse2, sse3, ssse3, sse4.1, sse4.2, popcnt, vzeroupper, avx, avx2, aes, clmul, erms, 3dnowpref, lzcnt, ht, tsc, tscinvbit, bmi1, bmi2, adx, fma, clflush, clflushopt

Memory: 4k page, system-wide physical 8026M (444M free)
TotalPageFile size 23050M (AvailPageFile size 2M)
current process WorkingSet (physical memory assigned to process): 167M, peak: 167M
current process commit charge ("private bytes"): 286M, peak: 286M

vm_info: OpenJDK 64-Bit Server VM (15+36-1562) for windows-amd64 JRE (15+36-1562), built on Aug 11 2020 22:33:04 by "mach5one" with unknown MS VC++:1925

END.
