#
# There is insufficient memory for the Java Runtime Environment to continue.
# Native memory allocation (malloc) failed to allocate 871136 bytes for Chunk::new
# Possible reasons:
#   The system is out of physical RAM or swap space
#   The process is running with CompressedOops enabled, and the Java Heap may be blocking the growth of the native heap
# Possible solutions:
#   Reduce memory load on the system
#   Increase physical memory or swap space
#   Check if swap backing store is full
#   Decrease Java heap size (-Xmx/-Xms)
#   Decrease number of Java threads
#   Decrease Java thread stack sizes (-Xss)
#   Set larger code cache with -XX:ReservedCodeCacheSize=
#   JVM is running with Unscaled Compressed Oops mode in which the Java heap is
#     placed in the first 4GB address space. The Java Heap base address is the
#     maximum limit for the native heap growth. Please use -XX:HeapBaseMinAddress
#     to set the Java Heap base and to place the Java Heap above 4GB virtual address.
# This output file may be truncated or incomplete.
#
#  Out of Memory Error (./open/src/hotspot/share/memory/arena.cpp:195), pid=16796, tid=11064
#
# JRE version: OpenJDK Runtime Environment (15.0+36) (build 15+36-1562)
# Java VM: OpenJDK 64-Bit Server VM (15+36-1562, mixed mode, sharing, tiered, compressed oops, parallel gc, windows-amd64)
# No core dump will be written. Minidumps are not enabled by default on client versions of Windows
#

---------------  S U M M A R Y ------------

Command Line: --add-modules=ALL-SYSTEM --add-opens=java.base/java.util=ALL-UNNAMED --add-opens=java.base/java.lang=ALL-UNNAMED -Declipse.application=org.eclipse.jdt.ls.core.id1 -Dosgi.bundles.defaultStartLevel=4 -Declipse.product=org.eclipse.jdt.ls.core.product -Dfile.encoding=utf8 -DwatchParentProcess=false -XX:+UseParallelGC -XX:GCTimeRatio=4 -XX:AdaptiveSizePolicyWeight=90 -Dsun.zip.disableMemoryMapping=true -Xmx1G -Xms100m c:\Users\david\.vscode\extensions\redhat.java-0.77.0\server\plugins\org.eclipse.equinox.launcher_1.6.100.v20201223-0822.jar -configuration c:\Users\david\AppData\Roaming\Code\User\globalStorage\redhat.java\0.77.0\config_win -data c:\Users\david\AppData\Roaming\Code\User\workspaceStorage\728eb51026b4024a1eeb2b73e8049cc8\redhat.java\jdt_ws

Host: Intel(R) Core(TM) i7-8550U CPU @ 1.80GHz, 8 cores, 7G,  Windows 10 , 64 bit Build 18362 (10.0.18362.1350)
Time: Sat Apr 17 16:09:59 2021 Mitteleuropäische Sommerzeit  elapsed time: 3.037745 seconds (0d 0h 0m 3s)

---------------  T H R E A D  ---------------

Current thread (0x000001276b21d970):  JavaThread "C2 CompilerThread0" daemon [_thread_in_native, id=11064, stack(0x00000007c7700000,0x00000007c7800000)]


Current CompileTask:
C2:   3037 1782       4       org.apache.felix.resolver.ResolverImpl::mergeUses (495 bytes)

Stack: [0x00000007c7700000,0x00000007c7800000]
Native frames: (J=compiled Java code, j=interpreted, Vv=VM code, C=native code)
V  [jvm.dll+0x629eaa]
V  [jvm.dll+0x780379]
V  [jvm.dll+0x781ad3]
V  [jvm.dll+0x782133]
V  [jvm.dll+0x2159d5]
V  [jvm.dll+0x9794a]
V  [jvm.dll+0x9802c]
V  [jvm.dll+0x27992f]
V  [jvm.dll+0x53faf4]
V  [jvm.dll+0x1f23a4]
V  [jvm.dll+0x1ebb47]
V  [jvm.dll+0x1e8f37]
V  [jvm.dll+0x177f17]
V  [jvm.dll+0x1f88f5]
V  [jvm.dll+0x1f699c]
V  [jvm.dll+0x74384d]
V  [jvm.dll+0x73c64a]
V  [jvm.dll+0x628d16]
C  [ucrtbase.dll+0x210b2]
C  [KERNEL32.DLL+0x17c24]
C  [ntdll.dll+0x6d721]


---------------  P R O C E S S  ---------------

Threads class SMR info:
_java_thread_list=0x000001276d290020, length=26, elements={
0x00000127503bd300, 0x000001276b211600, 0x0000012769faefa0, 0x000001276b218290,
0x000001276b218b50, 0x000001276b21a420, 0x000001276b21d970, 0x000001276b21ebc0,
0x000001276b223a00, 0x000001276b326300, 0x000001276b4241a0, 0x000001276c4de840,
0x000001276c4df4b0, 0x000001276c4df980, 0x000001276c4d93d0, 0x000001276c4d98a0,
0x000001276c4d9d70, 0x000001276c4da240, 0x000001276c52a060, 0x000001276c52a880,
0x000001276c3b9610, 0x000001276d067e00, 0x000001276c3b9ae0, 0x000001276d193120,
0x000001276d193f90, 0x000001276d1952d0
}

Java Threads: ( => current thread )
  0x00000127503bd300 JavaThread "main" [_thread_blocked, id=16620, stack(0x00000007c6f00000,0x00000007c7000000)]
  0x000001276b211600 JavaThread "Reference Handler" daemon [_thread_blocked, id=16664, stack(0x00000007c7200000,0x00000007c7300000)]
  0x0000012769faefa0 JavaThread "Finalizer" daemon [_thread_blocked, id=21400, stack(0x00000007c7300000,0x00000007c7400000)]
  0x000001276b218290 JavaThread "Signal Dispatcher" daemon [_thread_blocked, id=4308, stack(0x00000007c7400000,0x00000007c7500000)]
  0x000001276b218b50 JavaThread "Attach Listener" daemon [_thread_blocked, id=6628, stack(0x00000007c7500000,0x00000007c7600000)]
  0x000001276b21a420 JavaThread "Service Thread" daemon [_thread_blocked, id=5824, stack(0x00000007c7600000,0x00000007c7700000)]
=>0x000001276b21d970 JavaThread "C2 CompilerThread0" daemon [_thread_in_native, id=11064, stack(0x00000007c7700000,0x00000007c7800000)]
  0x000001276b21ebc0 JavaThread "C1 CompilerThread0" daemon [_thread_blocked, id=8132, stack(0x00000007c7800000,0x00000007c7900000)]
  0x000001276b223a00 JavaThread "Sweeper thread" daemon [_thread_blocked, id=4912, stack(0x00000007c7900000,0x00000007c7a00000)]
  0x000001276b326300 JavaThread "Common-Cleaner" daemon [_thread_blocked, id=24884, stack(0x00000007c7a00000,0x00000007c7b00000)]
  0x000001276b4241a0 JavaThread "Notification Thread" daemon [_thread_blocked, id=10152, stack(0x00000007c7b00000,0x00000007c7c00000)]
  0x000001276c4de840 JavaThread "Equinox resolver thread - Equinox Container: 3eea4620-853a-49a0-ae37-7902b2a75a32" daemon [_thread_blocked, id=17108, stack(0x00000007c7d00000,0x00000007c7e00000)]
  0x000001276c4df4b0 JavaThread "Equinox resolver thread - Equinox Container: 3eea4620-853a-49a0-ae37-7902b2a75a32" daemon [_thread_blocked, id=11648, stack(0x00000007c7e00000,0x00000007c7f00000)]
  0x000001276c4df980 JavaThread "Equinox resolver thread - Equinox Container: 3eea4620-853a-49a0-ae37-7902b2a75a32" daemon [_thread_blocked, id=23464, stack(0x00000007c7f00000,0x00000007c8000000)]
  0x000001276c4d93d0 JavaThread "Equinox resolver thread - Equinox Container: 3eea4620-853a-49a0-ae37-7902b2a75a32" daemon [_thread_blocked, id=708, stack(0x00000007c8000000,0x00000007c8100000)]
  0x000001276c4d98a0 JavaThread "Equinox resolver thread - Equinox Container: 3eea4620-853a-49a0-ae37-7902b2a75a32" daemon [_thread_blocked, id=23372, stack(0x00000007c8100000,0x00000007c8200000)]
  0x000001276c4d9d70 JavaThread "Equinox resolver thread - Equinox Container: 3eea4620-853a-49a0-ae37-7902b2a75a32" daemon [_thread_blocked, id=16828, stack(0x00000007c8200000,0x00000007c8300000)]
  0x000001276c4da240 JavaThread "Active Thread: Equinox Container: 3eea4620-853a-49a0-ae37-7902b2a75a32" [_thread_blocked, id=1548, stack(0x00000007c8300000,0x00000007c8400000)]
  0x000001276c52a060 JavaThread "Framework Event Dispatcher: Equinox Container: 3eea4620-853a-49a0-ae37-7902b2a75a32" daemon [_thread_blocked, id=12628, stack(0x00000007c8700000,0x00000007c8800000)]
  0x000001276c52a880 JavaThread "Start Level: Equinox Container: 3eea4620-853a-49a0-ae37-7902b2a75a32" daemon [_thread_in_vm, id=8380, stack(0x00000007c8800000,0x00000007c8900000)]
  0x000001276c3b9610 JavaThread "Refresh Thread: Equinox Container: 3eea4620-853a-49a0-ae37-7902b2a75a32" daemon [_thread_blocked, id=13652, stack(0x00000007c8900000,0x00000007c8a00000)]
  0x000001276d067e00 JavaThread "C2 CompilerThread1" daemon [_thread_blocked, id=2656, stack(0x00000007c8a00000,0x00000007c8b00000)]
  0x000001276c3b9ae0 JavaThread "Equinox resolver thread - Equinox Container: 3eea4620-853a-49a0-ae37-7902b2a75a32" daemon [_thread_blocked, id=940, stack(0x00000007c8b00000,0x00000007c8c00000)]
  0x000001276d193120 JavaThread "Equinox resolver thread - Equinox Container: 3eea4620-853a-49a0-ae37-7902b2a75a32" daemon [_thread_blocked, id=8800, stack(0x00000007c8c00000,0x00000007c8d00000)]
  0x000001276d193f90 JavaThread "SCR Component Actor" daemon [_thread_blocked, id=9992, stack(0x00000007c8d00000,0x00000007c8e00000)]
  0x000001276d1952d0 JavaThread "Timer-0" daemon [_thread_new, id=23228, stack(0x0000000000000000,0x0000000000000000)]

Other Threads:
  0x0000012769fad790 VMThread "VM Thread" [stack: 0x00000007c7100000,0x00000007c7200000] [id=10756]
  0x000001276b424e10 WatcherThread [stack: 0x00000007c7c00000,0x00000007c7d00000] [id=25424]
  0x00000127503cf370 GCTaskThread "GC Thread#0" [stack: 0x00000007c7000000,0x00000007c7100000] [id=14500]
  0x000001276b39bef0 GCTaskThread "GC Thread#1" [stack: 0x00000007c8400000,0x00000007c8500000] [id=2956]
  0x000001276b39d540 GCTaskThread "GC Thread#2" [stack: 0x00000007c8500000,0x00000007c8600000] [id=16160]
  0x000001276b39d870 GCTaskThread "GC Thread#3" [stack: 0x00000007c8600000,0x00000007c8700000] [id=15740]

Threads with active compile tasks:
C2 CompilerThread0     3095 1782       4       org.apache.felix.resolver.ResolverImpl::mergeUses (495 bytes)
C1 CompilerThread0     3095 2034       3       org.eclipse.osgi.storage.bundlefile.ZipBundleFile::findEntry (62 bytes)

VM state: not at safepoint (normal execution)

VM Mutex/Monitor currently owned by a thread: None

Heap address: 0x00000000c0000000, size: 1024 MB, Compressed Oops mode: 32-bit
CDS archive(s) mapped at: [0x0000000800000000-0x0000000800b50000-0x0000000800b50000), size 11862016, SharedBaseAddress: 0x0000000800000000, ArchiveRelocationMode: 0.
Compressed class space mapped at: 0x0000000800b50000-0x0000000840b50000, size: 1073741824
Narrow klass base: 0x0000000800000000, Narrow klass shift: 3, Narrow klass range: 0x100000000

GC Precious Log:
 CPUs: 8 total, 8 available
 Memory: 8026M
 Large Page Support: Disabled
 NUMA Support: Disabled
 Compressed Oops: Enabled (32-bit)
 Heap Min Capacity: 100M
 Heap Initial Capacity: 100M
 Heap Max Capacity: 1G
 Pre-touch: Disabled
 Parallel Workers: 8

Heap:
 PSYoungGen      total 29696K, used 16876K [0x00000000eab00000, 0x00000000ecc00000, 0x0000000100000000)
  eden space 25600K, 49% used [0x00000000eab00000,0x00000000eb77e0f8,0x00000000ec400000)
  from space 4096K, 99% used [0x00000000ec800000,0x00000000ecbfd280,0x00000000ecc00000)
  to   space 4096K, 0% used [0x00000000ec400000,0x00000000ec400000,0x00000000ec800000)
 ParOldGen       total 68608K, used 3349K [0x00000000c0000000, 0x00000000c4300000, 0x00000000eab00000)
  object space 68608K, 4% used [0x00000000c0000000,0x00000000c0345650,0x00000000c4300000)
 Metaspace       used 10087K, capacity 10439K, committed 10624K, reserved 1058816K
  class space    used 964K, capacity 1051K, committed 1152K, reserved 1048576K

Card table byte_map: [0x000001274fd50000,0x000001274ff60000] _byte_map_base: 0x000001274f750000

Marking Bits: (ParMarkBitMap*) 0x00007fff05e3a0b0
 Begin Bits: [0x00000127675c0000, 0x00000127685c0000)
 End Bits:   [0x00000127685c0000, 0x00000127695c0000)

Polling page: 0x000001274e1f0000

Metaspace:

Usage:
  Non-class:      9.17 MB capacity,     8.91 MB ( 97%) used,   251.11 KB (  3%) free+waste,    11.69 KB ( <1%) overhead. 
      Class:      1.03 MB capacity,   964.66 KB ( 92%) used,    81.03 KB (  8%) free+waste,     5.31 KB ( <1%) overhead. 
       Both:     10.19 MB capacity,     9.85 MB ( 97%) used,   332.14 KB (  3%) free+waste,    17.00 KB ( <1%) overhead. 

Virtual space:
  Non-class space:       10.00 MB reserved,       9.25 MB ( 93%) committed 
      Class space:        1.00 GB reserved,       1.13 MB ( <1%) committed 
             Both:        1.01 GB reserved,      10.38 MB (  1%) committed 

Chunk freelists:
   Non-Class:  20.00 KB
       Class:  5.00 KB
        Both:  25.00 KB

MaxMetaspaceSize: 17179869184.00 GB
CompressedClassSpaceSize: 1.00 GB

CodeHeap 'non-profiled nmethods': size=120000Kb used=714Kb max_used=714Kb free=119285Kb
 bounds [0x0000012760090000, 0x0000012760300000, 0x00000127675c0000]
CodeHeap 'profiled nmethods': size=120000Kb used=4105Kb max_used=4105Kb free=115894Kb
 bounds [0x0000012758b60000, 0x0000012758f70000, 0x0000012760090000]
CodeHeap 'non-nmethods': size=5760Kb used=1166Kb max_used=1191Kb free=4593Kb
 bounds [0x00000127585c0000, 0x0000012758830000, 0x0000012758b60000]
 total_blobs=2457 nmethods=2032 adapters=339
 compilation: enabled
              stopped_count=0, restarted_count=0
 full_count=0

Compilation events (20 events):
Event: 2.978 Thread 0x000001276b21ebc0 nmethod 2006 0x0000012758f4d410 code [0x0000012758f4d7c0, 0x0000012758f4eff8]
Event: 2.978 Thread 0x000001276b21ebc0 2015       3       jdk.internal.loader.BuiltinClassLoader::moduleReaderFor (45 bytes)
Event: 2.979 Thread 0x000001276b21ebc0 nmethod 2015 0x0000012758f4f710 code [0x0000012758f4f900, 0x0000012758f4ff78]
Event: 2.979 Thread 0x000001276b21ebc0 2016       3       jdk.internal.module.SystemModuleFinders$SystemModuleReader::findImageLocation (42 bytes)
Event: 2.979 Thread 0x000001276b21ebc0 nmethod 2016 0x0000012758f50110 code [0x0000012758f50320, 0x0000012758f509d8]
Event: 2.979 Thread 0x000001276b21ebc0 2017       3       jdk.internal.jimage.ImageReader::findLocation (14 bytes)
Event: 2.980 Thread 0x000001276b21ebc0 nmethod 2017 0x0000012758f50c90 code [0x0000012758f50e60, 0x0000012758f511b8]
Event: 2.980 Thread 0x000001276b21ebc0 2013       3       jdk.internal.module.SystemModuleFinders$SystemImage::reader (4 bytes)
Event: 2.980 Thread 0x000001276b21ebc0 nmethod 2013 0x0000012758f51310 code [0x0000012758f514a0, 0x0000012758f51598]
Event: 2.980 Thread 0x000001276b21ebc0 2014       3       jdk.internal.jimage.ImageReader::requireOpen (18 bytes)
Event: 2.980 Thread 0x000001276b21ebc0 nmethod 2014 0x0000012758f51610 code [0x0000012758f517c0, 0x0000012758f519e8]
Event: 2.982 Thread 0x000001276b21ebc0 2018       3       jdk.internal.org.objectweb.asm.SymbolTable$Entry::<init> (20 bytes)
Event: 2.982 Thread 0x000001276b21ebc0 nmethod 2018 0x0000012758f51b10 code [0x0000012758f51cc0, 0x0000012758f51e08]
Event: 2.994 Thread 0x000001276d067e00 2019       4       java.util.ArrayList::indexOfRange (71 bytes)
Event: 2.996 Thread 0x000001276d067e00 nmethod 2019 0x0000012760141010 code [0x00000127601411a0, 0x00000127601412d8]
Event: 3.014 Thread 0x000001276b21ebc0 2020       3       java.util.Arrays::fill (28 bytes)
Event: 3.014 Thread 0x000001276b21ebc0 nmethod 2020 0x0000012758f51f10 code [0x0000012758f520c0, 0x0000012758f522c8]
Event: 3.018 Thread 0x000001276d067e00 2021 %     4       java.util.Arrays::fill @ 10 (28 bytes)
Event: 3.027 Thread 0x000001276d067e00 nmethod 2021% 0x0000012760141410 code [0x00000127601415a0, 0x0000012760141778]
Event: 3.027 Thread 0x000001276d067e00 2022       4       java.util.HashMap::get (19 bytes)

GC Heap History (4 events):
Event: 1.637 GC heap before
{Heap before GC invocations=1 (full 0):
 PSYoungGen      total 29696K, used 25600K [0x00000000eab00000, 0x00000000ecc00000, 0x0000000100000000)
  eden space 25600K, 100% used [0x00000000eab00000,0x00000000ec400000,0x00000000ec400000)
  from space 4096K, 0% used [0x00000000ec800000,0x00000000ec800000,0x00000000ecc00000)
  to   space 4096K, 0% used [0x00000000ec400000,0x00000000ec400000,0x00000000ec800000)
 ParOldGen       total 68608K, used 0K [0x00000000c0000000, 0x00000000c4300000, 0x00000000eab00000)
  object space 68608K, 0% used [0x00000000c0000000,0x00000000c0000000,0x00000000c4300000)
 Metaspace       used 6900K, capacity 7256K, committed 7424K, reserved 1056768K
  class space    used 661K, capacity 719K, committed 768K, reserved 1048576K
}
Event: 1.647 GC heap after
{Heap after GC invocations=1 (full 0):
 PSYoungGen      total 29696K, used 3305K [0x00000000eab00000, 0x00000000ecc00000, 0x0000000100000000)
  eden space 25600K, 0% used [0x00000000eab00000,0x00000000eab00000,0x00000000ec400000)
  from space 4096K, 80% used [0x00000000ec400000,0x00000000ec73a6c8,0x00000000ec800000)
  to   space 4096K, 0% used [0x00000000ec800000,0x00000000ec800000,0x00000000ecc00000)
 ParOldGen       total 68608K, used 16K [0x00000000c0000000, 0x00000000c4300000, 0x00000000eab00000)
  object space 68608K, 0% used [0x00000000c0000000,0x00000000c0004000,0x00000000c4300000)
 Metaspace       used 6900K, capacity 7256K, committed 7424K, reserved 1056768K
  class space    used 661K, capacity 719K, committed 768K, reserved 1048576K
}
Event: 2.680 GC heap before
{Heap before GC invocations=2 (full 0):
 PSYoungGen      total 29696K, used 28905K [0x00000000eab00000, 0x00000000ecc00000, 0x0000000100000000)
  eden space 25600K, 100% used [0x00000000eab00000,0x00000000ec400000,0x00000000ec400000)
  from space 4096K, 80% used [0x00000000ec400000,0x00000000ec73a6c8,0x00000000ec800000)
  to   space 4096K, 0% used [0x00000000ec800000,0x00000000ec800000,0x00000000ecc00000)
 ParOldGen       total 68608K, used 16K [0x00000000c0000000, 0x00000000c4300000, 0x00000000eab00000)
  object space 68608K, 0% used [0x00000000c0000000,0x00000000c0004000,0x00000000c4300000)
 Metaspace       used 7699K, capacity 7886K, committed 7936K, reserved 1056768K
  class space    used 724K, capacity 753K, committed 768K, reserved 1048576K
}
Event: 2.689 GC heap after
{Heap after GC invocations=2 (full 0):
 PSYoungGen      total 29696K, used 4084K [0x00000000eab00000, 0x00000000ecc00000, 0x0000000100000000)
  eden space 25600K, 0% used [0x00000000eab00000,0x00000000eab00000,0x00000000ec400000)
  from space 4096K, 99% used [0x00000000ec800000,0x00000000ecbfd280,0x00000000ecc00000)
  to   space 4096K, 0% used [0x00000000ec400000,0x00000000ec400000,0x00000000ec800000)
 ParOldGen       total 68608K, used 3349K [0x00000000c0000000, 0x00000000c4300000, 0x00000000eab00000)
  object space 68608K, 4% used [0x00000000c0000000,0x00000000c0345650,0x00000000c4300000)
 Metaspace       used 7699K, capacity 7886K, committed 7936K, reserved 1056768K
  class space    used 724K, capacity 753K, committed 768K, reserved 1048576K
}

Deoptimization events (20 events):
Event: 2.947 Thread 0x000001276c52a880 Uncommon trap: trap_request=0xffffffc6 fr.pc=0x00000127600ee480 relative=0x0000000000000440
Event: 2.947 Thread 0x000001276c52a880 Uncommon trap: reason=bimorphic_or_optimized_type_check action=maybe_recompile pc=0x00000127600ee480 method=java.util.HashMap.getNode(Ljava/lang/Object;)Ljava/util/HashMap$Node; @ 128 c2
Event: 2.947 Thread 0x000001276c52a880 DEOPT PACKING pc=0x00000127600ee480 sp=0x00000007c88fdeb0
Event: 2.947 Thread 0x000001276c52a880 DEOPT UNPACKING pc=0x000001275860e42f sp=0x00000007c88fddb8 mode 2
Event: 2.976 Thread 0x000001276c52a880 Uncommon trap: trap_request=0xffffffde fr.pc=0x000001276011381c relative=0x000000000000007c
Event: 2.976 Thread 0x000001276c52a880 Uncommon trap: reason=class_check action=maybe_recompile pc=0x000001276011381c method=java.util.Collections$3.hasMoreElements()Z @ 4 c2
Event: 2.976 Thread 0x000001276c52a880 DEOPT PACKING pc=0x000001276011381c sp=0x00000007c88fd8d0
Event: 2.976 Thread 0x000001276c52a880 DEOPT UNPACKING pc=0x000001275860e42f sp=0x00000007c88fd860 mode 2
Event: 2.976 Thread 0x000001276c52a880 Uncommon trap: trap_request=0xffffffde fr.pc=0x000001276011381c relative=0x000000000000007c
Event: 2.976 Thread 0x000001276c52a880 Uncommon trap: reason=class_check action=maybe_recompile pc=0x000001276011381c method=java.util.Collections$3.hasMoreElements()Z @ 4 c2
Event: 2.976 Thread 0x000001276c52a880 DEOPT PACKING pc=0x000001276011381c sp=0x00000007c88fd940
Event: 2.976 Thread 0x000001276c52a880 DEOPT UNPACKING pc=0x000001275860e42f sp=0x00000007c88fd8d0 mode 2
Event: 2.976 Thread 0x000001276c52a880 Uncommon trap: trap_request=0xffffffde fr.pc=0x000001276011381c relative=0x000000000000007c
Event: 2.976 Thread 0x000001276c52a880 Uncommon trap: reason=class_check action=maybe_recompile pc=0x000001276011381c method=java.util.Collections$3.hasMoreElements()Z @ 4 c2
Event: 2.976 Thread 0x000001276c52a880 DEOPT PACKING pc=0x000001276011381c sp=0x00000007c88fd940
Event: 2.976 Thread 0x000001276c52a880 DEOPT UNPACKING pc=0x000001275860e42f sp=0x00000007c88fd8d0 mode 2
Event: 2.976 Thread 0x000001276c52a880 Uncommon trap: trap_request=0xffffffde fr.pc=0x000001276011381c relative=0x000000000000007c
Event: 2.976 Thread 0x000001276c52a880 Uncommon trap: reason=class_check action=maybe_recompile pc=0x000001276011381c method=java.util.Collections$3.hasMoreElements()Z @ 4 c2
Event: 2.976 Thread 0x000001276c52a880 DEOPT PACKING pc=0x000001276011381c sp=0x00000007c88fd940
Event: 2.976 Thread 0x000001276c52a880 DEOPT UNPACKING pc=0x000001275860e42f sp=0x00000007c88fd8d0 mode 2

Classes unloaded (0 events):
No events

Classes redefined (0 events):
No events

Internal exceptions (20 events):
Event: 0.471 Thread 0x00000127503bd300 Exception <a 'sun/nio/fs/WindowsException'{0x00000000eaf6caa8}> (0x00000000eaf6caa8) 
thrown [./open/src/hotspot/share/prims/jni.cpp, line 578]
Event: 0.471 Thread 0x00000127503bd300 Exception <a 'sun/nio/fs/WindowsException'{0x00000000eaf6d218}> (0x00000000eaf6d218) 
thrown [./open/src/hotspot/share/prims/jni.cpp, line 578]
Event: 0.822 Thread 0x00000127503bd300 Exception <a 'java/lang/ClassNotFoundException'{0x00000000eb6d8ac0}: sun/net/www/protocol/c/Handler> (0x00000000eb6d8ac0) 
thrown [./open/src/hotspot/share/classfile/systemDictionary.cpp, line 295]
Event: 0.823 Thread 0x00000127503bd300 Exception <a 'java/lang/ClassNotFoundException'{0x00000000eb6d9e88}: sun/net/www/protocol/c/Handler> (0x00000000eb6d9e88) 
thrown [./open/src/hotspot/share/classfile/systemDictionary.cpp, line 295]
Event: 0.823 Thread 0x00000127503bd300 Exception <a 'java/lang/ClassNotFoundException'{0x00000000eb6db0f8}: sun/net/www/protocol/c/Handler> (0x00000000eb6db0f8) 
thrown [./open/src/hotspot/share/classfile/systemDictionary.cpp, line 295]
Event: 0.837 Thread 0x00000127503bd300 Exception <a 'java/io/FileNotFoundException'{0x00000000eb6f9b18}> (0x00000000eb6f9b18) 
thrown [./open/src/hotspot/share/prims/jni.cpp, line 578]
Event: 0.914 Thread 0x00000127503bd300 Implicit null exception at 0x00000127600c8980 to 0x00000127600c9388
Event: 0.914 Thread 0x00000127503bd300 Implicit null exception at 0x00000127600c578c to 0x00000127600c59d8
Event: 0.915 Thread 0x00000127503bd300 Implicit null exception at 0x00000127600c4b8e to 0x00000127600c4e00
Event: 0.915 Thread 0x00000127503bd300 Implicit null exception at 0x00000127600c42af to 0x00000127600c4329
Event: 1.016 Thread 0x00000127503bd300 Exception <a 'java/lang/NoSuchMethodError'{0x00000000eb8f3f80}: 'int java.lang.invoke.DirectMethodHandle$Holder.invokeStaticInit(java.lang.Object, java.lang.Object, java.lang.Object, java.lang.Object)'> (0x00000000eb8f3f80) 
thrown [./open/src/hotspot/share/interpreter/linkResolver.cpp, line 782]
Event: 1.020 Thread 0x00000127503bd300 Exception <a 'java/lang/NoSuchMethodError'{0x00000000eb8fee68}: 'java.lang.Object java.lang.invoke.DirectMethodHandle$Holder.invokeInterface(java.lang.Object, java.lang.Object)'> (0x00000000eb8fee68) 
thrown [./open/src/hotspot/share/interpreter/linkResolver.cpp, line 782]
Event: 1.021 Thread 0x00000127503bd300 Exception <a 'java/lang/IncompatibleClassChangeError'{0x00000000eb902860}: Found class java.lang.Object, but interface was expected> (0x00000000eb902860) 
thrown [./open/src/hotspot/share/interpreter/linkResolver.cpp, line 848]
Event: 1.023 Thread 0x00000127503bd300 Exception <a 'java/lang/NoSuchMethodError'{0x00000000eb908240}: 'int java.lang.invoke.DirectMethodHandle$Holder.invokeStaticInit(java.lang.Object, java.lang.Object)'> (0x00000000eb908240) 
thrown [./open/src/hotspot/share/interpreter/linkResolver.cpp, line 782]
Event: 1.052 Thread 0x00000127503bd300 Exception <a 'java/lang/NoSuchMethodError'{0x00000000eb956b48}: 'java.lang.Object java.lang.invoke.DirectMethodHandle$Holder.invokeStatic(java.lang.Object)'> (0x00000000eb956b48) 
thrown [./open/src/hotspot/share/interpreter/linkResolver.cpp, line 782]
Event: 1.055 Thread 0x00000127503bd300 Exception <a 'java/lang/NoSuchMethodError'{0x00000000eb960bf8}: 'java.lang.Object java.lang.invoke.DirectMethodHandle$Holder.invokeStaticInit(java.lang.Object, int, int, int, int)'> (0x00000000eb960bf8) 
thrown [./open/src/hotspot/share/interpreter/linkResolver.cpp, line 782]
Event: 1.300 Thread 0x00000127503bd300 Exception <a 'java/lang/NoSuchMethodError'{0x00000000eba14538}: 'java.lang.Object java.lang.invoke.DirectMethodHandle$Holder.invokeStaticInit(java.lang.Object, java.lang.Object, int, int, int, int)'> (0x00000000eba14538) 
thrown [./open/src/hotspot/share/interpreter/linkResolver.cpp, line 782]
Event: 1.631 Thread 0x00000127503bd300 Exception <a 'java/lang/NoSuchMethodError'{0x00000000ec3e3260}: 'java.lang.Object java.lang.invoke.DirectMethodHandle$Holder.newInvokeSpecial(java.lang.Object, int, java.lang.Object)'> (0x00000000ec3e3260) 
thrown [./open/src/hotspot/share/interpreter/linkResolver.cpp, line 782]
Event: 2.577 Thread 0x00000127503bd300 Exception <a 'java/lang/UnsatisfiedLinkError'{0x00000000ec0c33f0}: 'void org.eclipse.equinox.launcher.JNIBridge._update_splash()'> (0x00000000ec0c33f0) 
thrown [./open/src/hotspot/share/prims/nativeLookup.cpp, line 408]
Event: 2.912 Thread 0x000001276c52a880 Exception <a 'java/lang/NoSuchMethodError'{0x00000000eb5b3178}: 'java.lang.Object java.lang.invoke.DirectMethodHandle$Holder.invokeStaticInit(java.lang.Object)'> (0x00000000eb5b3178) 
thrown [./open/src/hotspot/share/interpreter/linkResolver.cpp, line 782]

Events (20 events):
Event: 3.013 loading class com/sun/xml/internal/stream/Entity$ScannedEntity
Event: 3.013 loading class com/sun/xml/internal/stream/Entity
Event: 3.013 loading class com/sun/xml/internal/stream/Entity done
Event: 3.013 loading class com/sun/xml/internal/stream/Entity$ScannedEntity done
Event: 3.013 loading class com/sun/org/apache/xerces/internal/util/XMLChar
Event: 3.013 loading class com/sun/org/apache/xerces/internal/util/XMLChar done
Event: 3.019 loading class com/sun/org/apache/xerces/internal/util/XMLSymbols
Event: 3.019 loading class com/sun/org/apache/xerces/internal/util/XMLSymbols done
Event: 3.020 loading class com/sun/org/apache/xerces/internal/parsers/AbstractSAXParser$LocatorProxy
Event: 3.020 loading class org/xml/sax/ext/Locator2
Event: 3.020 loading class org/xml/sax/Locator
Event: 3.020 loading class org/xml/sax/Locator done
Event: 3.020 loading class org/xml/sax/ext/Locator2 done
Event: 3.020 loading class com/sun/org/apache/xerces/internal/parsers/AbstractSAXParser$LocatorProxy done
Event: 3.021 loading class com/sun/org/apache/xerces/internal/impl/XMLScanner$NameType
Event: 3.021 loading class com/sun/org/apache/xerces/internal/impl/XMLScanner$NameType done
Event: 3.021 loading class com/sun/org/apache/xerces/internal/impl/Constants
Event: 3.022 loading class com/sun/org/apache/xerces/internal/impl/Constants done
Event: 3.022 loading class com/sun/org/apache/xerces/internal/impl/Constants$ArrayEnumeration
Event: 3.022 loading class com/sun/org/apache/xerces/internal/impl/Constants$ArrayEnumeration done


Dynamic libraries:
0x00007ff64b090000 - 0x00007ff64b09d000 	C:\Program Files\Java\jdk-15\bin\java.exe
0x00007fff6eb80000 - 0x00007fff6ed70000 	C:\WINDOWS\SYSTEM32\ntdll.dll
0x00007fff6cc30000 - 0x00007fff6cce2000 	C:\WINDOWS\System32\KERNEL32.DLL
0x00007fff6c7f0000 - 0x00007fff6ca95000 	C:\WINDOWS\System32\KERNELBASE.dll
0x00007fff68e10000 - 0x00007fff68e9f000 	C:\WINDOWS\SYSTEM32\apphelp.dll
0x00007fff6bde0000 - 0x00007fff6beda000 	C:\WINDOWS\System32\ucrtbase.dll
0x00007fff492e0000 - 0x00007fff492f8000 	C:\Program Files\Java\jdk-15\bin\jli.dll
0x00007fff496c0000 - 0x00007fff496d9000 	C:\Program Files\Java\jdk-15\bin\VCRUNTIME140.dll
0x00007fff6d900000 - 0x00007fff6da94000 	C:\WINDOWS\System32\USER32.dll
0x00007fff6cb50000 - 0x00007fff6cb71000 	C:\WINDOWS\System32\win32u.dll
0x00007fff6cf50000 - 0x00007fff6cf76000 	C:\WINDOWS\System32\GDI32.dll
0x00007fff55a90000 - 0x00007fff55d14000 	C:\WINDOWS\WinSxS\amd64_microsoft.windows.common-controls_6595b64144ccf1df_6.0.18362.1440_none_9e7dbfb9e45e8e67\COMCTL32.dll
0x00007fff6bba0000 - 0x00007fff6bd38000 	C:\WINDOWS\System32\gdi32full.dll
0x00007fff6bd40000 - 0x00007fff6bdde000 	C:\WINDOWS\System32\msvcp_win.dll
0x00007fff6e540000 - 0x00007fff6e5de000 	C:\WINDOWS\System32\msvcrt.dll
0x00007fff6d460000 - 0x00007fff6d796000 	C:\WINDOWS\System32\combase.dll
0x00007fff6ce30000 - 0x00007fff6cf4f000 	C:\WINDOWS\System32\RPCRT4.dll
0x00007fff6cac0000 - 0x00007fff6cb41000 	C:\WINDOWS\System32\bcryptPrimitives.dll
0x00007fff6dab0000 - 0x00007fff6dade000 	C:\WINDOWS\System32\IMM32.DLL
0x00007fff53be0000 - 0x00007fff53bec000 	C:\Program Files\Java\jdk-15\bin\vcruntime140_1.dll
0x00007fff2e200000 - 0x00007fff2e291000 	C:\Program Files\Java\jdk-15\bin\msvcp140.dll
0x00007fff053a0000 - 0x00007fff05efc000 	C:\Program Files\Java\jdk-15\bin\server\jvm.dll
0x00007fff6d850000 - 0x00007fff6d8f3000 	C:\WINDOWS\System32\ADVAPI32.dll
0x00007fff6e4a0000 - 0x00007fff6e537000 	C:\WINDOWS\System32\sechost.dll
0x00007fff6dc90000 - 0x00007fff6dc98000 	C:\WINDOWS\System32\PSAPI.DLL
0x00007fff53500000 - 0x00007fff53509000 	C:\WINDOWS\SYSTEM32\WSOCK32.dll
0x00007fff66900000 - 0x00007fff66924000 	C:\WINDOWS\SYSTEM32\WINMM.dll
0x00007fff6e5f0000 - 0x00007fff6e65f000 	C:\WINDOWS\System32\WS2_32.dll
0x00007fff65070000 - 0x00007fff6507a000 	C:\WINDOWS\SYSTEM32\VERSION.dll
0x00007fff668c0000 - 0x00007fff668ed000 	C:\WINDOWS\SYSTEM32\WINMMBASE.dll
0x00007fff6bb50000 - 0x00007fff6bb9a000 	C:\WINDOWS\System32\cfgmgr32.dll
0x00007fff6bab0000 - 0x00007fff6bac1000 	C:\WINDOWS\System32\kernel.appcore.dll
0x00007fff53b20000 - 0x00007fff53b2a000 	C:\Program Files\Java\jdk-15\bin\jimage.dll
0x00007fff6a2b0000 - 0x00007fff6a4a4000 	C:\WINDOWS\SYSTEM32\DBGHELP.DLL
0x00007fff4d130000 - 0x00007fff4d15a000 	C:\WINDOWS\SYSTEM32\dbgcore.DLL
0x00007fff48260000 - 0x00007fff48285000 	C:\Program Files\Java\jdk-15\bin\java.dll
0x00007fff6dca0000 - 0x00007fff6e388000 	C:\WINDOWS\System32\SHELL32.dll
0x00007fff6d7a0000 - 0x00007fff6d847000 	C:\WINDOWS\System32\shcore.dll
0x00007fff6bee0000 - 0x00007fff6c65b000 	C:\WINDOWS\System32\windows.storage.dll
0x00007fff6ba90000 - 0x00007fff6baae000 	C:\WINDOWS\System32\profapi.dll
0x00007fff6ba40000 - 0x00007fff6ba8a000 	C:\WINDOWS\System32\powrprof.dll
0x00007fff6ba30000 - 0x00007fff6ba40000 	C:\WINDOWS\System32\UMPDC.dll
0x00007fff6cf80000 - 0x00007fff6cfd2000 	C:\WINDOWS\System32\shlwapi.dll
0x00007fff6caa0000 - 0x00007fff6cab7000 	C:\WINDOWS\System32\cryptsp.dll
0x00007fff46fd0000 - 0x00007fff46fe9000 	C:\Program Files\Java\jdk-15\bin\net.dll
0x00007fff5bd50000 - 0x00007fff5be4a000 	C:\WINDOWS\SYSTEM32\WINHTTP.dll
0x00007fff6b250000 - 0x00007fff6b2b7000 	C:\WINDOWS\system32\mswsock.dll
0x00007fff44110000 - 0x00007fff44122000 	C:\Program Files\Java\jdk-15\bin\nio.dll
0x00007fff433f0000 - 0x00007fff43408000 	C:\Program Files\Java\jdk-15\bin\zip.dll
0x00007fff6adb0000 - 0x00007fff6ade3000 	C:\WINDOWS\system32\rsaenh.dll
0x00007fff6c660000 - 0x00007fff6c686000 	C:\WINDOWS\System32\bcrypt.dll
0x00007fff6b910000 - 0x00007fff6b935000 	C:\WINDOWS\SYSTEM32\USERENV.dll
0x00007fff6b440000 - 0x00007fff6b44c000 	C:\WINDOWS\SYSTEM32\CRYPTBASE.dll
0x00007fff6af50000 - 0x00007fff6af8a000 	C:\WINDOWS\SYSTEM32\IPHLPAPI.DLL
0x00007fff6e5e0000 - 0x00007fff6e5e8000 	C:\WINDOWS\System32\NSI.dll
0x00007fff64010000 - 0x00007fff64026000 	C:\WINDOWS\SYSTEM32\dhcpcsvc6.DLL
0x00007fff63ff0000 - 0x00007fff6400c000 	C:\WINDOWS\SYSTEM32\dhcpcsvc.DLL
0x00007fff6afa0000 - 0x00007fff6b06b000 	C:\WINDOWS\SYSTEM32\DNSAPI.dll
0x00007fff5b730000 - 0x00007fff5b759000 	C:\Users\david\AppData\Roaming\Code\User\globalStorage\redhat.java\0.77.0\config_win\org.eclipse.equinox.launcher\org.eclipse.equinox.launcher.win32.win32.x86_64_1.2.100.v20210209-1541\eclipse_11301.dll

dbghelp: loaded successfully - version: 4.0.5 - missing functions: none
symbol engine: initialized successfully - sym options: 0x614 - pdb path: .;C:\Program Files\Java\jdk-15\bin;C:\WINDOWS\SYSTEM32;C:\WINDOWS\WinSxS\amd64_microsoft.windows.common-controls_6595b64144ccf1df_6.0.18362.1440_none_9e7dbfb9e45e8e67;C:\Program Files\Java\jdk-15\bin\server;C:\Users\david\AppData\Roaming\Code\User\globalStorage\redhat.java\0.77.0\config_win\org.eclipse.equinox.launcher\org.eclipse.equinox.launcher.win32.win32.x86_64_1.2.100.v20210209-1541

VM Arguments:
jvm_args: --add-modules=ALL-SYSTEM --add-opens=java.base/java.util=ALL-UNNAMED --add-opens=java.base/java.lang=ALL-UNNAMED -Declipse.application=org.eclipse.jdt.ls.core.id1 -Dosgi.bundles.defaultStartLevel=4 -Declipse.product=org.eclipse.jdt.ls.core.product -Dfile.encoding=utf8 -DwatchParentProcess=false -XX:+UseParallelGC -XX:GCTimeRatio=4 -XX:AdaptiveSizePolicyWeight=90 -Dsun.zip.disableMemoryMapping=true -Xmx1G -Xms100m 
java_command: c:\Users\david\.vscode\extensions\redhat.java-0.77.0\server\plugins\org.eclipse.equinox.launcher_1.6.100.v20201223-0822.jar -configuration c:\Users\david\AppData\Roaming\Code\User\globalStorage\redhat.java\0.77.0\config_win -data c:\Users\david\AppData\Roaming\Code\User\workspaceStorage\728eb51026b4024a1eeb2b73e8049cc8\redhat.java\jdt_ws
java_class_path (initial): c:\Users\david\.vscode\extensions\redhat.java-0.77.0\server\plugins\org.eclipse.equinox.launcher_1.6.100.v20201223-0822.jar
Launcher Type: SUN_STANDARD

[Global flags]
    uintx AdaptiveSizePolicyWeight                 = 90                                        {product} {command line}
     intx CICompilerCount                          = 4                                         {product} {ergonomic}
    uintx GCTimeRatio                              = 4                                         {product} {command line}
   size_t InitialHeapSize                          = 104857600                                 {product} {command line}
   size_t MaxHeapSize                              = 1073741824                                {product} {command line}
   size_t MaxNewSize                               = 357564416                                 {product} {ergonomic}
   size_t MinHeapDeltaBytes                        = 524288                                    {product} {ergonomic}
   size_t MinHeapSize                              = 104857600                                 {product} {command line}
   size_t NewSize                                  = 34603008                                  {product} {ergonomic}
    uintx NonNMethodCodeHeapSize                   = 5839372                                {pd product} {ergonomic}
    uintx NonProfiledCodeHeapSize                  = 122909434                              {pd product} {ergonomic}
   size_t OldSize                                  = 70254592                                  {product} {ergonomic}
    uintx ProfiledCodeHeapSize                     = 122909434                              {pd product} {ergonomic}
    uintx ReservedCodeCacheSize                    = 251658240                              {pd product} {ergonomic}
     bool SegmentedCodeCache                       = true                                      {product} {ergonomic}
   size_t SoftMaxHeapSize                          = 1073741824                             {manageable} {ergonomic}
     bool UseCompressedClassPointers               = true                                 {lp64_product} {ergonomic}
     bool UseCompressedOops                        = true                                 {lp64_product} {ergonomic}
     bool UseLargePagesIndividualAllocation        = false                                  {pd product} {ergonomic}
     bool UseParallelGC                            = true                                      {product} {command line}

Logging:
Log output configuration:
 #0: stdout all=warning uptime,level,tags
 #1: stderr all=off uptime,level,tags

Environment Variables:
JAVA_HOME=C:\Program Files\Java\jdk-15
PATH=C:\Program Files (x86)\Common Files\Oracle\Java\javapath;C:\Program Files (x86)\Common Files\Intel\Shared Libraries\redist\intel64_win\compiler;C:\Program Files (x86)\Common Files\Intel\Shared Libraries\redist\intel64\compiler;C:\WINDOWS\system32;C:\WINDOWS;C:\WINDOWS\System32\Wbem;C:\WINDOWS\System32\WindowsPowerShell\v1.0\;C:\WINDOWS\System32\OpenSSH\;C:\ProgramData\chocolatey\bin;C:\Program Files\Java\jdk-13.0.1\bin;C:\Program Files\Intel\WiFi\bin\;C:\Program Files\Common Files\Intel\WirelessCommon\;C:\Program Files\nodejs\;C:\Program Files\dotnet\;C:\Program Files\Microsoft SQL Server\Client SDK\ODBC\170\Tools\Binn\;C:\Program Files (x86)\Microsoft SQL Server\150\DTS\Binn\;C:\Program Files\PuTTY\;C:\Program Files\Java\jdk-15\bin;C:\Program Files\Git\cmd;C:\Program Files\Docker\Docker\resources\bin;C:\ProgramData\DockerDesktop\version-bin;C:\Users\david\.windows-build-tools\python27\;C:\Users\david\AppData\Local\Programs\Python\Python38\Scripts\;C:\Users\david\AppData\Local\Programs\Python\Python38\;C:\Users\david\AppData\Local\Microsoft\WindowsApps;C:\Users\david\AppData\Local\Programs\Microsoft VS Code\bin;C:\Users\david\AppData\Roaming\npm;C:\Users\david\AppData\Local\Programs\MiKTeX 2.9\miktex\bin\x64\;C:\Users\david\.dotnet\tools;C:\Users\david\.dotnet\tools;C:\Users\david\AppData\Local\GitHubDesktop\bin;C:\Users\david\.fly\bin
USERNAME=david
OS=Windows_NT
PROCESSOR_IDENTIFIER=Intel64 Family 6 Model 142 Stepping 10, GenuineIntel



---------------  S Y S T E M  ---------------

OS:
 Windows 10 , 64 bit Build 18362 (10.0.18362.1350)
OS uptime: 2 days 8:02 hours
HyperV virtualization detected

CPU: total 8 (initial active 8) (4 cores per cpu, 2 threads per core) family 6 model 142 stepping 10, cmov, cx8, fxsr, mmx, sse, sse2, sse3, ssse3, sse4.1, sse4.2, popcnt, vzeroupper, avx, avx2, aes, clmul, erms, 3dnowpref, lzcnt, ht, tsc, tscinvbit, bmi1, bmi2, adx, fma, clflush, clflushopt

Memory: 4k page, system-wide physical 8026M (429M free)
TotalPageFile size 23050M (AvailPageFile size 9M)
current process WorkingSet (physical memory assigned to process): 101M, peak: 101M
current process commit charge ("private bytes"): 221M, peak: 221M

vm_info: OpenJDK 64-Bit Server VM (15+36-1562) for windows-amd64 JRE (15+36-1562), built on Aug 11 2020 22:33:04 by "mach5one" with unknown MS VC++:1925

END.
